[2025-12-18T05:37:25.715+0000] {logging_mixin.py:188} INFO - Changing /opt/airflow/logs/dag_id=binance_klines_pipeline/run_id=scheduled__2025-12-17T00:00:00+00:00/task_id=fetch_transform_load permission to 509
[2025-12-18T05:37:25.919+0000] {logging_mixin.py:188} INFO - Changing /opt/airflow/logs/dag_id=binance_klines_pipeline/run_id=scheduled__2025-12-17T00:00:00+00:00/task_id=fetch_transform_load permission to 509
[2025-12-18T05:37:26.064+0000] {taskinstance.py:1956} INFO - Dependencies all met for dep_context=non-requeueable deps ti=<TaskInstance: binance_klines_pipeline.fetch_transform_load scheduled__2025-12-17T00:00:00+00:00 [queued]>
[2025-12-18T05:37:26.086+0000] {taskinstance.py:1956} INFO - Dependencies all met for dep_context=requeueable deps ti=<TaskInstance: binance_klines_pipeline.fetch_transform_load scheduled__2025-12-17T00:00:00+00:00 [queued]>
[2025-12-18T05:37:26.087+0000] {taskinstance.py:2170} INFO - Starting attempt 1 of 3
[2025-12-18T05:37:26.118+0000] {taskinstance.py:2191} INFO - Executing <Task(PythonOperator): fetch_transform_load> on 2025-12-17 00:00:00+00:00
[2025-12-18T05:37:26.125+0000] {standard_task_runner.py:60} INFO - Started process 194 to run task
[2025-12-18T05:37:26.128+0000] {standard_task_runner.py:87} INFO - Running: ['airflow', 'tasks', 'run', 'binance_klines_pipeline', 'fetch_transform_load', 'scheduled__2025-12-17T00:00:00+00:00', '--job-id', '73', '--raw', '--subdir', 'DAGS_FOLDER/dag.py', '--cfg-path', '/tmp/tmpxum04x_2']
[2025-12-18T05:37:26.131+0000] {standard_task_runner.py:88} INFO - Job 73: Subtask fetch_transform_load
[2025-12-18T05:37:26.382+0000] {logging_mixin.py:188} INFO - Changing /opt/airflow/logs/dag_id=binance_klines_pipeline/run_id=scheduled__2025-12-17T00:00:00+00:00/task_id=fetch_transform_load permission to 509
[2025-12-18T05:37:26.397+0000] {task_command.py:423} INFO - Running <TaskInstance: binance_klines_pipeline.fetch_transform_load scheduled__2025-12-17T00:00:00+00:00 [running]> on host 511bb853f070
[2025-12-18T05:37:26.944+0000] {taskinstance.py:2480} INFO - Exporting env vars: AIRFLOW_CTX_DAG_OWNER='airflow' AIRFLOW_CTX_DAG_ID='binance_klines_pipeline' AIRFLOW_CTX_TASK_ID='fetch_transform_load' AIRFLOW_CTX_EXECUTION_DATE='2025-12-17T00:00:00+00:00' AIRFLOW_CTX_TRY_NUMBER='1' AIRFLOW_CTX_DAG_RUN_ID='scheduled__2025-12-17T00:00:00+00:00'
[2025-12-18T05:37:26.946+0000] {logging_mixin.py:188} INFO - Processing execution_date: 2025-12-17
[2025-12-18T05:37:27.147+0000] {logging_mixin.py:188} INFO - Database connection successful.
[2025-12-18T05:37:27.619+0000] {logging_mixin.py:188} INFO - Data validation passed.
[2025-12-18T05:37:27.731+0000] {taskinstance.py:2698} ERROR - Task failed with exception
Traceback (most recent call last):
  File "/home/airflow/.local/lib/python3.8/site-packages/sqlalchemy/engine/base.py", line 1910, in _execute_context
    self.dialect.do_execute(
  File "/home/airflow/.local/lib/python3.8/site-packages/sqlalchemy/engine/default.py", line 736, in do_execute
    cursor.execute(statement, parameters)
psycopg2.errors.UndefinedColumn: column "number_of_trades" of relation "binance_klines" does not exist
LINE 12:             number_of_trades = EXCLUDED.num_trades,
                     ^


The above exception was the direct cause of the following exception:

Traceback (most recent call last):
  File "/home/airflow/.local/lib/python3.8/site-packages/airflow/models/taskinstance.py", line 433, in _execute_task
    result = execute_callable(context=context, **execute_callable_kwargs)
  File "/home/airflow/.local/lib/python3.8/site-packages/airflow/operators/python.py", line 199, in execute
    return_value = self.execute_callable()
  File "/home/airflow/.local/lib/python3.8/site-packages/airflow/operators/python.py", line 216, in execute_callable
    return self.python_callable(*self.op_args, **self.op_kwargs)
  File "/opt/airflow/dags/dag.py", line 31, in fetch_transform_load
    load(
  File "/opt/airflow/pipelines/fetch.py", line 130, in load
    conn.execute(text(upsert_sql))
  File "/home/airflow/.local/lib/python3.8/site-packages/sqlalchemy/engine/base.py", line 1385, in execute
    return meth(self, multiparams, params, _EMPTY_EXECUTION_OPTS)
  File "/home/airflow/.local/lib/python3.8/site-packages/sqlalchemy/sql/elements.py", line 334, in _execute_on_connection
    return connection._execute_clauseelement(
  File "/home/airflow/.local/lib/python3.8/site-packages/sqlalchemy/engine/base.py", line 1577, in _execute_clauseelement
    ret = self._execute_context(
  File "/home/airflow/.local/lib/python3.8/site-packages/sqlalchemy/engine/base.py", line 1953, in _execute_context
    self._handle_dbapi_exception(
  File "/home/airflow/.local/lib/python3.8/site-packages/sqlalchemy/engine/base.py", line 2134, in _handle_dbapi_exception
    util.raise_(
  File "/home/airflow/.local/lib/python3.8/site-packages/sqlalchemy/util/compat.py", line 211, in raise_
    raise exception
  File "/home/airflow/.local/lib/python3.8/site-packages/sqlalchemy/engine/base.py", line 1910, in _execute_context
    self.dialect.do_execute(
  File "/home/airflow/.local/lib/python3.8/site-packages/sqlalchemy/engine/default.py", line 736, in do_execute
    cursor.execute(statement, parameters)
sqlalchemy.exc.ProgrammingError: (psycopg2.errors.UndefinedColumn) column "number_of_trades" of relation "binance_klines" does not exist
LINE 12:             number_of_trades = EXCLUDED.num_trades,
                     ^

[SQL: 
        INSERT INTO binance_klines
        SELECT * FROM binance_klines
        ON CONFLICT (symbol, interval, open_time)
        DO UPDATE SET
            open = EXCLUDED.open,
            high = EXCLUDED.high,
            low = EXCLUDED.low,
            close = EXCLUDED.close,
            volume = EXCLUDED.volume,
            quote_volume = EXCLUDED.quote_volume,
            number_of_trades = EXCLUDED.num_trades,
            close_time = EXCLUDED.close_time,
            taker_buy_base = EXCLUDED.taker_buy_base,
            taker_buy_quote = EXCLUDED.taker_buy_quote;
    ]
(Background on this error at: https://sqlalche.me/e/14/f405)
[2025-12-18T05:37:27.815+0000] {taskinstance.py:1138} INFO - Marking task as UP_FOR_RETRY. dag_id=binance_klines_pipeline, task_id=fetch_transform_load, execution_date=20251217T000000, start_date=20251218T053726, end_date=20251218T053727
[2025-12-18T05:37:27.845+0000] {standard_task_runner.py:107} ERROR - Failed to execute job 73 for task fetch_transform_load ((psycopg2.errors.UndefinedColumn) column "number_of_trades" of relation "binance_klines" does not exist
LINE 12:             number_of_trades = EXCLUDED.num_trades,
                     ^

[SQL: 
        INSERT INTO binance_klines
        SELECT * FROM binance_klines
        ON CONFLICT (symbol, interval, open_time)
        DO UPDATE SET
            open = EXCLUDED.open,
            high = EXCLUDED.high,
            low = EXCLUDED.low,
            close = EXCLUDED.close,
            volume = EXCLUDED.volume,
            quote_volume = EXCLUDED.quote_volume,
            number_of_trades = EXCLUDED.num_trades,
            close_time = EXCLUDED.close_time,
            taker_buy_base = EXCLUDED.taker_buy_base,
            taker_buy_quote = EXCLUDED.taker_buy_quote;
    ]
(Background on this error at: https://sqlalche.me/e/14/f405); 194)
[2025-12-18T05:37:27.868+0000] {local_task_job_runner.py:234} INFO - Task exited with return code 1
[2025-12-18T05:37:27.959+0000] {taskinstance.py:3280} INFO - 0 downstream tasks scheduled from follow-on schedule check
[2025-12-18T11:04:48.947+0000] {logging_mixin.py:188} INFO - Changing /opt/airflow/logs/dag_id=binance_klines_pipeline/run_id=scheduled__2025-12-17T00:00:00+00:00/task_id=fetch_transform_load permission to 509
[2025-12-18T11:04:49.087+0000] {logging_mixin.py:188} INFO - Changing /opt/airflow/logs/dag_id=binance_klines_pipeline/run_id=scheduled__2025-12-17T00:00:00+00:00/task_id=fetch_transform_load permission to 509
[2025-12-18T11:04:49.182+0000] {taskinstance.py:1956} INFO - Dependencies all met for dep_context=non-requeueable deps ti=<TaskInstance: binance_klines_pipeline.fetch_transform_load scheduled__2025-12-17T00:00:00+00:00 [queued]>
[2025-12-18T11:04:49.198+0000] {taskinstance.py:1956} INFO - Dependencies all met for dep_context=requeueable deps ti=<TaskInstance: binance_klines_pipeline.fetch_transform_load scheduled__2025-12-17T00:00:00+00:00 [queued]>
[2025-12-18T11:04:49.199+0000] {taskinstance.py:2170} INFO - Starting attempt 1 of 3
[2025-12-18T11:04:49.221+0000] {taskinstance.py:2191} INFO - Executing <Task(PythonOperator): fetch_transform_load> on 2025-12-17 00:00:00+00:00
[2025-12-18T11:04:49.226+0000] {standard_task_runner.py:60} INFO - Started process 389 to run task
[2025-12-18T11:04:49.229+0000] {standard_task_runner.py:87} INFO - Running: ['airflow', 'tasks', 'run', 'binance_klines_pipeline', 'fetch_transform_load', 'scheduled__2025-12-17T00:00:00+00:00', '--job-id', '90', '--raw', '--subdir', 'DAGS_FOLDER/dag.py', '--cfg-path', '/tmp/tmpw5rh4vra']
[2025-12-18T11:04:49.231+0000] {standard_task_runner.py:88} INFO - Job 90: Subtask fetch_transform_load
[2025-12-18T11:04:49.555+0000] {logging_mixin.py:188} INFO - Changing /opt/airflow/logs/dag_id=binance_klines_pipeline/run_id=scheduled__2025-12-17T00:00:00+00:00/task_id=fetch_transform_load permission to 509
[2025-12-18T11:04:49.566+0000] {task_command.py:423} INFO - Running <TaskInstance: binance_klines_pipeline.fetch_transform_load scheduled__2025-12-17T00:00:00+00:00 [running]> on host f49efe9a7b4d
[2025-12-18T11:04:49.849+0000] {taskinstance.py:2480} INFO - Exporting env vars: AIRFLOW_CTX_DAG_OWNER='airflow' AIRFLOW_CTX_DAG_ID='binance_klines_pipeline' AIRFLOW_CTX_TASK_ID='fetch_transform_load' AIRFLOW_CTX_EXECUTION_DATE='2025-12-17T00:00:00+00:00' AIRFLOW_CTX_TRY_NUMBER='1' AIRFLOW_CTX_DAG_RUN_ID='scheduled__2025-12-17T00:00:00+00:00'
[2025-12-18T11:04:49.851+0000] {logging_mixin.py:188} INFO - Processing execution_date: 2025-12-17
[2025-12-18T11:04:49.909+0000] {logging_mixin.py:188} INFO - Database connection successful.
[2025-12-18T11:04:51.191+0000] {logging_mixin.py:188} INFO - Data validation passed.
[2025-12-18T11:04:51.226+0000] {logging_mixin.py:188} INFO - Loaded 25 rows into binance_klines
[2025-12-18T11:04:51.227+0000] {python.py:201} INFO - Done. Returned value was: None
[2025-12-18T11:04:51.279+0000] {taskinstance.py:1138} INFO - Marking task as SUCCESS. dag_id=binance_klines_pipeline, task_id=fetch_transform_load, execution_date=20251217T000000, start_date=20251218T110449, end_date=20251218T110451
[2025-12-18T11:04:51.338+0000] {local_task_job_runner.py:234} INFO - Task exited with return code 0
[2025-12-18T11:04:51.408+0000] {taskinstance.py:3280} INFO - 0 downstream tasks scheduled from follow-on schedule check
