[2025-12-17T06:36:32.070+0000] {logging_mixin.py:188} INFO - Changing /opt/airflow/logs/dag_id=binance_klines_pipeline/run_id=manual__2025-12-17T06:26:24.091000+00:00/task_id=fetch_transform_load permission to 509
[2025-12-17T06:36:32.355+0000] {logging_mixin.py:188} INFO - Changing /opt/airflow/logs/dag_id=binance_klines_pipeline/run_id=manual__2025-12-17T06:26:24.091000+00:00/task_id=fetch_transform_load permission to 509
[2025-12-17T06:36:32.475+0000] {taskinstance.py:1956} INFO - Dependencies all met for dep_context=non-requeueable deps ti=<TaskInstance: binance_klines_pipeline.fetch_transform_load manual__2025-12-17T06:26:24.091000+00:00 [queued]>
[2025-12-17T06:36:32.493+0000] {taskinstance.py:1956} INFO - Dependencies all met for dep_context=requeueable deps ti=<TaskInstance: binance_klines_pipeline.fetch_transform_load manual__2025-12-17T06:26:24.091000+00:00 [queued]>
[2025-12-17T06:36:32.494+0000] {taskinstance.py:2170} INFO - Starting attempt 3 of 3
[2025-12-17T06:36:32.526+0000] {taskinstance.py:2191} INFO - Executing <Task(PythonOperator): fetch_transform_load> on 2025-12-17 06:26:24.091000+00:00
[2025-12-17T06:36:32.537+0000] {standard_task_runner.py:60} INFO - Started process 332 to run task
[2025-12-17T06:36:32.542+0000] {standard_task_runner.py:87} INFO - Running: ['airflow', 'tasks', 'run', 'binance_klines_pipeline', 'fetch_transform_load', 'manual__2025-12-17T06:26:24.091000+00:00', '--job-id', '34', '--raw', '--subdir', 'DAGS_FOLDER/dag.py', '--cfg-path', '/tmp/tmpkqygtkbs']
[2025-12-17T06:36:32.546+0000] {standard_task_runner.py:88} INFO - Job 34: Subtask fetch_transform_load
[2025-12-17T06:36:33.105+0000] {logging_mixin.py:188} INFO - Changing /opt/airflow/logs/dag_id=binance_klines_pipeline/run_id=manual__2025-12-17T06:26:24.091000+00:00/task_id=fetch_transform_load permission to 509
[2025-12-17T06:36:33.118+0000] {task_command.py:423} INFO - Running <TaskInstance: binance_klines_pipeline.fetch_transform_load manual__2025-12-17T06:26:24.091000+00:00 [running]> on host e090f72fc900
[2025-12-17T06:36:33.894+0000] {taskinstance.py:2480} INFO - Exporting env vars: AIRFLOW_CTX_DAG_OWNER='airflow' AIRFLOW_CTX_DAG_ID='binance_klines_pipeline' AIRFLOW_CTX_TASK_ID='fetch_transform_load' AIRFLOW_CTX_EXECUTION_DATE='2025-12-17T06:26:24.091000+00:00' AIRFLOW_CTX_TRY_NUMBER='3' AIRFLOW_CTX_DAG_RUN_ID='manual__2025-12-17T06:26:24.091000+00:00'
[2025-12-17T06:36:33.997+0000] {logging_mixin.py:188} INFO - Database connection successful.
[2025-12-17T06:36:33.999+0000] {taskinstance.py:2698} ERROR - Task failed with exception
Traceback (most recent call last):
  File "/home/airflow/.local/lib/python3.8/site-packages/airflow/models/taskinstance.py", line 433, in _execute_task
    result = execute_callable(context=context, **execute_callable_kwargs)
  File "/home/airflow/.local/lib/python3.8/site-packages/airflow/operators/python.py", line 199, in execute
    return_value = self.execute_callable()
  File "/home/airflow/.local/lib/python3.8/site-packages/airflow/operators/python.py", line 216, in execute_callable
    return self.python_callable(*self.op_args, **self.op_kwargs)
  File "/opt/airflow/dags/dag.py", line 27, in fetch_transform_load
    raw = fetch_daily(symbol, interval, start, end)
TypeError: fetch_daily() takes 2 positional arguments but 4 were given
[2025-12-17T06:36:34.079+0000] {taskinstance.py:1138} INFO - Marking task as FAILED. dag_id=binance_klines_pipeline, task_id=fetch_transform_load, execution_date=20251217T062624, start_date=20251217T063632, end_date=20251217T063634
[2025-12-17T06:36:34.108+0000] {standard_task_runner.py:107} ERROR - Failed to execute job 34 for task fetch_transform_load (fetch_daily() takes 2 positional arguments but 4 were given; 332)
[2025-12-17T06:36:34.160+0000] {local_task_job_runner.py:234} INFO - Task exited with return code 1
[2025-12-17T06:36:34.247+0000] {taskinstance.py:3280} INFO - 0 downstream tasks scheduled from follow-on schedule check
