[2025-12-17T05:36:32.916+0000] {logging_mixin.py:188} INFO - Changing /opt/airflow/logs/dag_id=binance_klines_pipeline/run_id=scheduled__2025-12-16T00:00:00+00:00/task_id=fetch_transform_load permission to 509
[2025-12-17T05:36:33.221+0000] {logging_mixin.py:188} INFO - Changing /opt/airflow/logs/dag_id=binance_klines_pipeline/run_id=scheduled__2025-12-16T00:00:00+00:00/task_id=fetch_transform_load permission to 509
[2025-12-17T05:36:33.349+0000] {taskinstance.py:1956} INFO - Dependencies all met for dep_context=non-requeueable deps ti=<TaskInstance: binance_klines_pipeline.fetch_transform_load scheduled__2025-12-16T00:00:00+00:00 [queued]>
[2025-12-17T05:36:33.376+0000] {taskinstance.py:1956} INFO - Dependencies all met for dep_context=requeueable deps ti=<TaskInstance: binance_klines_pipeline.fetch_transform_load scheduled__2025-12-16T00:00:00+00:00 [queued]>
[2025-12-17T05:36:33.377+0000] {taskinstance.py:2170} INFO - Starting attempt 1 of 3
[2025-12-17T05:36:33.401+0000] {taskinstance.py:2191} INFO - Executing <Task(PythonOperator): fetch_transform_load> on 2025-12-16 00:00:00+00:00
[2025-12-17T05:36:33.408+0000] {standard_task_runner.py:60} INFO - Started process 194 to run task
[2025-12-17T05:36:33.411+0000] {standard_task_runner.py:87} INFO - Running: ['airflow', 'tasks', 'run', 'binance_klines_pipeline', 'fetch_transform_load', 'scheduled__2025-12-16T00:00:00+00:00', '--job-id', '29', '--raw', '--subdir', 'DAGS_FOLDER/dag.py', '--cfg-path', '/tmp/tmp4pikr_un']
[2025-12-17T05:36:33.414+0000] {standard_task_runner.py:88} INFO - Job 29: Subtask fetch_transform_load
[2025-12-17T05:36:33.769+0000] {logging_mixin.py:188} INFO - Changing /opt/airflow/logs/dag_id=binance_klines_pipeline/run_id=scheduled__2025-12-16T00:00:00+00:00/task_id=fetch_transform_load permission to 509
[2025-12-17T05:36:33.785+0000] {task_command.py:423} INFO - Running <TaskInstance: binance_klines_pipeline.fetch_transform_load scheduled__2025-12-16T00:00:00+00:00 [running]> on host b8b80f7caa0b
[2025-12-17T05:36:34.275+0000] {taskinstance.py:2480} INFO - Exporting env vars: AIRFLOW_CTX_DAG_OWNER='airflow' AIRFLOW_CTX_DAG_ID='binance_klines_pipeline' AIRFLOW_CTX_TASK_ID='fetch_transform_load' AIRFLOW_CTX_EXECUTION_DATE='2025-12-16T00:00:00+00:00' AIRFLOW_CTX_TRY_NUMBER='1' AIRFLOW_CTX_DAG_RUN_ID='scheduled__2025-12-16T00:00:00+00:00'
[2025-12-17T05:36:34.353+0000] {logging_mixin.py:188} INFO - Database connection successful.
[2025-12-17T05:36:34.615+0000] {connectionpool.py:824} WARNING - Retrying (Retry(total=4, connect=None, read=None, redirect=None, status=None)) after connection broken by 'SSLError(SSLZeroReturnError(6, 'TLS/SSL connection has been closed (EOF) (_ssl.c:1131)'))': /api/v3/klines?symbol=BTCUSDT&interval=1h&startTime=1765344994354&endTime=1765949794354&limit=1000
[2025-12-17T05:36:37.735+0000] {connectionpool.py:824} WARNING - Retrying (Retry(total=3, connect=None, read=None, redirect=None, status=None)) after connection broken by 'SSLError(SSLZeroReturnError(6, 'TLS/SSL connection has been closed (EOF) (_ssl.c:1131)'))': /api/v3/klines?symbol=BTCUSDT&interval=1h&startTime=1765344994354&endTime=1765949794354&limit=1000
[2025-12-17T05:36:43.795+0000] {connectionpool.py:824} WARNING - Retrying (Retry(total=2, connect=None, read=None, redirect=None, status=None)) after connection broken by 'SSLError(SSLZeroReturnError(6, 'TLS/SSL connection has been closed (EOF) (_ssl.c:1131)'))': /api/v3/klines?symbol=BTCUSDT&interval=1h&startTime=1765344994354&endTime=1765949794354&limit=1000
[2025-12-17T05:36:55.937+0000] {connectionpool.py:824} WARNING - Retrying (Retry(total=1, connect=None, read=None, redirect=None, status=None)) after connection broken by 'SSLError(SSLZeroReturnError(6, 'TLS/SSL connection has been closed (EOF) (_ssl.c:1131)'))': /api/v3/klines?symbol=BTCUSDT&interval=1h&startTime=1765344994354&endTime=1765949794354&limit=1000
[2025-12-17T05:37:20.075+0000] {connectionpool.py:824} WARNING - Retrying (Retry(total=0, connect=None, read=None, redirect=None, status=None)) after connection broken by 'SSLError(SSLZeroReturnError(6, 'TLS/SSL connection has been closed (EOF) (_ssl.c:1131)'))': /api/v3/klines?symbol=BTCUSDT&interval=1h&startTime=1765344994354&endTime=1765949794354&limit=1000
[2025-12-17T05:37:20.167+0000] {logging_mixin.py:188} INFO - [WARN] Binance SSL closed connection — retrying next window: HTTPSConnectionPool(host='api.binance.com', port=443): Max retries exceeded with url: /api/v3/klines?symbol=BTCUSDT&interval=1h&startTime=1765344994354&endTime=1765949794354&limit=1000 (Caused by SSLError(SSLZeroReturnError(6, 'TLS/SSL connection has been closed (EOF) (_ssl.c:1131)')))
[2025-12-17T05:37:23.175+0000] {logging_mixin.py:188} INFO - No data fetched
[2025-12-17T05:37:23.181+0000] {python.py:201} INFO - Done. Returned value was: None
[2025-12-17T05:37:23.369+0000] {taskinstance.py:1138} INFO - Marking task as SUCCESS. dag_id=binance_klines_pipeline, task_id=fetch_transform_load, execution_date=20251216T000000, start_date=20251217T053633, end_date=20251217T053723
[2025-12-17T05:37:23.467+0000] {local_task_job_runner.py:234} INFO - Task exited with return code 0
[2025-12-17T05:37:23.628+0000] {taskinstance.py:3280} INFO - 0 downstream tasks scheduled from follow-on schedule check
