[2025-12-31T05:05:11.418+0000] {logging_mixin.py:188} INFO - Changing /opt/airflow/logs/dag_id=binance_klines_pipeline/run_id=scheduled__2025-12-30T00:00:00+00:00/task_id=fetch_transform_load permission to 509
[2025-12-31T05:05:11.552+0000] {logging_mixin.py:188} INFO - Changing /opt/airflow/logs/dag_id=binance_klines_pipeline/run_id=scheduled__2025-12-30T00:00:00+00:00/task_id=fetch_transform_load permission to 509
[2025-12-31T05:05:11.676+0000] {taskinstance.py:1956} INFO - Dependencies all met for dep_context=non-requeueable deps ti=<TaskInstance: binance_klines_pipeline.fetch_transform_load scheduled__2025-12-30T00:00:00+00:00 [queued]>
[2025-12-31T05:05:11.698+0000] {taskinstance.py:1956} INFO - Dependencies all met for dep_context=requeueable deps ti=<TaskInstance: binance_klines_pipeline.fetch_transform_load scheduled__2025-12-30T00:00:00+00:00 [queued]>
[2025-12-31T05:05:11.700+0000] {taskinstance.py:2170} INFO - Starting attempt 1 of 3
[2025-12-31T05:05:11.736+0000] {taskinstance.py:2191} INFO - Executing <Task(PythonOperator): fetch_transform_load> on 2025-12-30 00:00:00+00:00
[2025-12-31T05:05:11.745+0000] {standard_task_runner.py:60} INFO - Started process 163 to run task
[2025-12-31T05:05:11.752+0000] {standard_task_runner.py:87} INFO - Running: ['airflow', 'tasks', 'run', 'binance_klines_pipeline', 'fetch_transform_load', 'scheduled__2025-12-30T00:00:00+00:00', '--job-id', '21', '--raw', '--subdir', 'DAGS_FOLDER/dag.py', '--cfg-path', '/tmp/tmp664jd43k']
[2025-12-31T05:05:11.758+0000] {standard_task_runner.py:88} INFO - Job 21: Subtask fetch_transform_load
[2025-12-31T05:05:11.926+0000] {logging_mixin.py:188} INFO - Changing /opt/airflow/logs/dag_id=binance_klines_pipeline/run_id=scheduled__2025-12-30T00:00:00+00:00/task_id=fetch_transform_load permission to 509
[2025-12-31T05:05:11.952+0000] {task_command.py:423} INFO - Running <TaskInstance: binance_klines_pipeline.fetch_transform_load scheduled__2025-12-30T00:00:00+00:00 [running]> on host 090bfbb06b58
[2025-12-31T05:05:12.168+0000] {taskinstance.py:2480} INFO - Exporting env vars: AIRFLOW_CTX_DAG_OWNER='airflow' AIRFLOW_CTX_DAG_ID='binance_klines_pipeline' AIRFLOW_CTX_TASK_ID='fetch_transform_load' AIRFLOW_CTX_EXECUTION_DATE='2025-12-30T00:00:00+00:00' AIRFLOW_CTX_TRY_NUMBER='1' AIRFLOW_CTX_DAG_RUN_ID='scheduled__2025-12-30T00:00:00+00:00'
[2025-12-31T05:05:16.454+0000] {logging_mixin.py:188} INFO - Processing execution_date: 2025-12-30
[2025-12-31T05:05:16.720+0000] {logging_mixin.py:188} INFO - Database connection successful.
[2025-12-31T05:05:17.171+0000] {logging_mixin.py:188} INFO - Data validation passed.
[2025-12-31T05:05:21.160+0000] {conn.py:1530} WARNING - DNS lookup failed for kafka:9092, exception was [Errno -2] Name or service not known. Is your advertised.listeners (called advertised.host.name before Kafka 9) correct and resolvable?
[2025-12-31T05:05:21.161+0000] {conn.py:323} ERROR - <BrokerConnection client_id=kafka-python-producer-1, node_id=bootstrap-0 host=kafka:9092 <connecting> [unspecified None]>: DNS lookup failed for kafka:9092 (0)
[2025-12-31T05:05:21.163+0000] {conn.py:951} ERROR - <BrokerConnection client_id=kafka-python-producer-1, node_id=bootstrap-0 host=kafka:9092 <connecting> [unspecified None]>: Closing connection. KafkaConnectionError: DNS failure
[2025-12-31T05:05:21.164+0000] {taskinstance.py:2698} ERROR - Task failed with exception
Traceback (most recent call last):
  File "/home/airflow/.local/lib/python3.8/site-packages/airflow/models/taskinstance.py", line 433, in _execute_task
    result = execute_callable(context=context, **execute_callable_kwargs)
  File "/home/airflow/.local/lib/python3.8/site-packages/airflow/operators/python.py", line 199, in execute
    return_value = self.execute_callable()
  File "/home/airflow/.local/lib/python3.8/site-packages/airflow/operators/python.py", line 216, in execute_callable
    return self.python_callable(*self.op_args, **self.op_kwargs)
  File "/opt/airflow/dags/dag.py", line 26, in fetch_transform_load
    send_to_kafka(topic="binance", data= df)
  File "/opt/airflow/pipelines/kafka_producer.py", line 23, in send_to_kafka
    producer = get_producer()
  File "/opt/airflow/pipelines/kafka_producer.py", line 12, in get_producer
    return KafkaProducer(
  File "/home/airflow/.local/lib/python3.8/site-packages/kafka/producer/kafka.py", line 485, in __init__
    client = self.config['kafka_client'](
  File "/home/airflow/.local/lib/python3.8/site-packages/kafka/client_async.py", line 262, in __init__
    self.config['api_version'] = self.check_version()
  File "/home/airflow/.local/lib/python3.8/site-packages/kafka/client_async.py", line 1076, in check_version
    raise Errors.NoBrokersAvailable()
kafka.errors.NoBrokersAvailable: NoBrokersAvailable
[2025-12-31T05:05:21.197+0000] {taskinstance.py:1138} INFO - Marking task as UP_FOR_RETRY. dag_id=binance_klines_pipeline, task_id=fetch_transform_load, execution_date=20251230T000000, start_date=20251231T050511, end_date=20251231T050521
[2025-12-31T05:05:21.221+0000] {standard_task_runner.py:107} ERROR - Failed to execute job 21 for task fetch_transform_load (NoBrokersAvailable; 163)
[2025-12-31T05:05:21.267+0000] {local_task_job_runner.py:234} INFO - Task exited with return code 1
[2025-12-31T05:05:21.307+0000] {taskinstance.py:3280} INFO - 0 downstream tasks scheduled from follow-on schedule check
