[2026-01-02T06:18:54.372+0000] {logging_mixin.py:188} INFO - Changing /opt/airflow/logs/dag_id=binance_klines_pipeline/run_id=scheduled__2026-01-01T00:00:00+00:00/task_id=fetch_transform_load permission to 509
[2026-01-02T06:18:54.454+0000] {logging_mixin.py:188} INFO - Changing /opt/airflow/logs/dag_id=binance_klines_pipeline/run_id=scheduled__2026-01-01T00:00:00+00:00/task_id=fetch_transform_load permission to 509
[2026-01-02T06:18:54.665+0000] {taskinstance.py:1956} INFO - Dependencies all met for dep_context=non-requeueable deps ti=<TaskInstance: binance_klines_pipeline.fetch_transform_load scheduled__2026-01-01T00:00:00+00:00 [queued]>
[2026-01-02T06:18:54.679+0000] {taskinstance.py:1956} INFO - Dependencies all met for dep_context=requeueable deps ti=<TaskInstance: binance_klines_pipeline.fetch_transform_load scheduled__2026-01-01T00:00:00+00:00 [queued]>
[2026-01-02T06:18:54.681+0000] {taskinstance.py:2170} INFO - Starting attempt 3 of 3
[2026-01-02T06:18:54.700+0000] {taskinstance.py:2191} INFO - Executing <Task(PythonOperator): fetch_transform_load> on 2026-01-01 00:00:00+00:00
[2026-01-02T06:18:54.706+0000] {standard_task_runner.py:60} INFO - Started process 164 to run task
[2026-01-02T06:18:54.711+0000] {standard_task_runner.py:87} INFO - Running: ['airflow', 'tasks', 'run', 'binance_klines_pipeline', 'fetch_transform_load', 'scheduled__2026-01-01T00:00:00+00:00', '--job-id', '29', '--raw', '--subdir', 'DAGS_FOLDER/dag.py', '--cfg-path', '/tmp/tmpssy5gpm9']
[2026-01-02T06:18:54.715+0000] {standard_task_runner.py:88} INFO - Job 29: Subtask fetch_transform_load
[2026-01-02T06:18:54.802+0000] {logging_mixin.py:188} INFO - Changing /opt/airflow/logs/dag_id=binance_klines_pipeline/run_id=scheduled__2026-01-01T00:00:00+00:00/task_id=fetch_transform_load permission to 509
[2026-01-02T06:18:54.820+0000] {task_command.py:423} INFO - Running <TaskInstance: binance_klines_pipeline.fetch_transform_load scheduled__2026-01-01T00:00:00+00:00 [running]> on host da9c22c47f6e
[2026-01-02T06:18:54.977+0000] {taskinstance.py:2480} INFO - Exporting env vars: AIRFLOW_CTX_DAG_OWNER='airflow' AIRFLOW_CTX_DAG_ID='binance_klines_pipeline' AIRFLOW_CTX_TASK_ID='fetch_transform_load' AIRFLOW_CTX_EXECUTION_DATE='2026-01-01T00:00:00+00:00' AIRFLOW_CTX_TRY_NUMBER='3' AIRFLOW_CTX_DAG_RUN_ID='scheduled__2026-01-01T00:00:00+00:00'
[2026-01-02T06:18:57.381+0000] {taskinstance.py:2698} ERROR - Task failed with exception
Traceback (most recent call last):
  File "/home/airflow/.local/lib/python3.8/site-packages/airflow/models/taskinstance.py", line 433, in _execute_task
    result = execute_callable(context=context, **execute_callable_kwargs)
  File "/home/airflow/.local/lib/python3.8/site-packages/airflow/operators/python.py", line 199, in execute
    return_value = self.execute_callable()
  File "/home/airflow/.local/lib/python3.8/site-packages/airflow/operators/python.py", line 216, in execute_callable
    return self.python_callable(*self.op_args, **self.op_kwargs)
  File "/opt/airflow/dags/dag.py", line 6, in fetch_transform_load
    from pipelines.fetch import fetch_daily, transform, validate, load, get_engine
ImportError: cannot import name 'load' from 'pipelines.fetch' (/opt/airflow/pipelines/fetch.py)
[2026-01-02T06:18:57.401+0000] {taskinstance.py:1138} INFO - Marking task as FAILED. dag_id=binance_klines_pipeline, task_id=fetch_transform_load, execution_date=20260101T000000, start_date=20260102T061854, end_date=20260102T061857
[2026-01-02T06:18:57.424+0000] {standard_task_runner.py:107} ERROR - Failed to execute job 29 for task fetch_transform_load (cannot import name 'load' from 'pipelines.fetch' (/opt/airflow/pipelines/fetch.py); 164)
[2026-01-02T06:18:57.477+0000] {local_task_job_runner.py:234} INFO - Task exited with return code 1
[2026-01-02T06:18:57.505+0000] {taskinstance.py:3280} INFO - 0 downstream tasks scheduled from follow-on schedule check
