[2025-12-23T05:01:26.325+0000] {logging_mixin.py:188} INFO - Changing /opt/airflow/logs/dag_id=binance_klines_pipeline/run_id=scheduled__2025-12-22T00:00:00+00:00/task_id=fetch_transform_load permission to 509
[2025-12-23T05:01:26.592+0000] {logging_mixin.py:188} INFO - Changing /opt/airflow/logs/dag_id=binance_klines_pipeline/run_id=scheduled__2025-12-22T00:00:00+00:00/task_id=fetch_transform_load permission to 509
[2025-12-23T05:01:26.806+0000] {taskinstance.py:1956} INFO - Dependencies all met for dep_context=non-requeueable deps ti=<TaskInstance: binance_klines_pipeline.fetch_transform_load scheduled__2025-12-22T00:00:00+00:00 [queued]>
[2025-12-23T05:01:26.832+0000] {taskinstance.py:1956} INFO - Dependencies all met for dep_context=requeueable deps ti=<TaskInstance: binance_klines_pipeline.fetch_transform_load scheduled__2025-12-22T00:00:00+00:00 [queued]>
[2025-12-23T05:01:26.833+0000] {taskinstance.py:2170} INFO - Starting attempt 1 of 3
[2025-12-23T05:01:26.887+0000] {taskinstance.py:2191} INFO - Executing <Task(PythonOperator): fetch_transform_load> on 2025-12-22 00:00:00+00:00
[2025-12-23T05:01:26.906+0000] {standard_task_runner.py:60} INFO - Started process 194 to run task
[2025-12-23T05:01:26.912+0000] {standard_task_runner.py:87} INFO - Running: ['airflow', 'tasks', 'run', 'binance_klines_pipeline', 'fetch_transform_load', 'scheduled__2025-12-22T00:00:00+00:00', '--job-id', '99', '--raw', '--subdir', 'DAGS_FOLDER/dag.py', '--cfg-path', '/tmp/tmpyvpebvsv']
[2025-12-23T05:01:26.919+0000] {standard_task_runner.py:88} INFO - Job 99: Subtask fetch_transform_load
[2025-12-23T05:01:27.351+0000] {logging_mixin.py:188} INFO - Changing /opt/airflow/logs/dag_id=binance_klines_pipeline/run_id=scheduled__2025-12-22T00:00:00+00:00/task_id=fetch_transform_load permission to 509
[2025-12-23T05:01:27.371+0000] {task_command.py:423} INFO - Running <TaskInstance: binance_klines_pipeline.fetch_transform_load scheduled__2025-12-22T00:00:00+00:00 [running]> on host f49efe9a7b4d
[2025-12-23T05:01:28.029+0000] {taskinstance.py:2480} INFO - Exporting env vars: AIRFLOW_CTX_DAG_OWNER='airflow' AIRFLOW_CTX_DAG_ID='binance_klines_pipeline' AIRFLOW_CTX_TASK_ID='fetch_transform_load' AIRFLOW_CTX_EXECUTION_DATE='2025-12-22T00:00:00+00:00' AIRFLOW_CTX_TRY_NUMBER='1' AIRFLOW_CTX_DAG_RUN_ID='scheduled__2025-12-22T00:00:00+00:00'
[2025-12-23T05:01:28.034+0000] {logging_mixin.py:188} INFO - Processing execution_date: 2025-12-22
[2025-12-23T05:01:28.376+0000] {logging_mixin.py:188} INFO - Database connection successful.
[2025-12-23T05:01:28.756+0000] {logging_mixin.py:188} INFO - Data validation passed.
[2025-12-23T05:01:28.845+0000] {logging_mixin.py:188} INFO - Loaded 25 rows into binance_klines
[2025-12-23T05:01:28.847+0000] {python.py:201} INFO - Done. Returned value was: None
[2025-12-23T05:01:28.951+0000] {taskinstance.py:1138} INFO - Marking task as SUCCESS. dag_id=binance_klines_pipeline, task_id=fetch_transform_load, execution_date=20251222T000000, start_date=20251223T050126, end_date=20251223T050128
[2025-12-23T05:01:29.027+0000] {local_task_job_runner.py:234} INFO - Task exited with return code 0
[2025-12-23T05:01:29.131+0000] {taskinstance.py:3280} INFO - 0 downstream tasks scheduled from follow-on schedule check
