[2025-12-30T11:18:02.295+0000] {logging_mixin.py:188} INFO - Changing /opt/airflow/logs/dag_id=binance_klines_pipeline/run_id=manual__2025-12-30T11:07:43.486464+00:00/task_id=fetch_transform_load permission to 509
[2025-12-30T11:18:02.369+0000] {logging_mixin.py:188} INFO - Changing /opt/airflow/logs/dag_id=binance_klines_pipeline/run_id=manual__2025-12-30T11:07:43.486464+00:00/task_id=fetch_transform_load permission to 509
[2025-12-30T11:18:03.280+0000] {taskinstance.py:1956} INFO - Dependencies all met for dep_context=non-requeueable deps ti=<TaskInstance: binance_klines_pipeline.fetch_transform_load manual__2025-12-30T11:07:43.486464+00:00 [queued]>
[2025-12-30T11:18:03.304+0000] {taskinstance.py:1956} INFO - Dependencies all met for dep_context=requeueable deps ti=<TaskInstance: binance_klines_pipeline.fetch_transform_load manual__2025-12-30T11:07:43.486464+00:00 [queued]>
[2025-12-30T11:18:03.306+0000] {taskinstance.py:2170} INFO - Starting attempt 3 of 3
[2025-12-30T11:18:03.330+0000] {taskinstance.py:2191} INFO - Executing <Task(PythonOperator): fetch_transform_load> on 2025-12-30 11:07:43.486464+00:00
[2025-12-30T11:18:03.337+0000] {standard_task_runner.py:60} INFO - Started process 201 to run task
[2025-12-30T11:18:03.342+0000] {standard_task_runner.py:87} INFO - Running: ['airflow', 'tasks', 'run', 'binance_klines_pipeline', 'fetch_transform_load', 'manual__2025-12-30T11:07:43.486464+00:00', '--job-id', '15', '--raw', '--subdir', 'DAGS_FOLDER/dag.py', '--cfg-path', '/tmp/tmpp77acjeo']
[2025-12-30T11:18:03.345+0000] {standard_task_runner.py:88} INFO - Job 15: Subtask fetch_transform_load
[2025-12-30T11:18:03.467+0000] {logging_mixin.py:188} INFO - Changing /opt/airflow/logs/dag_id=binance_klines_pipeline/run_id=manual__2025-12-30T11:07:43.486464+00:00/task_id=fetch_transform_load permission to 509
[2025-12-30T11:18:03.484+0000] {task_command.py:423} INFO - Running <TaskInstance: binance_klines_pipeline.fetch_transform_load manual__2025-12-30T11:07:43.486464+00:00 [running]> on host 5222465887bb
[2025-12-30T11:18:03.630+0000] {taskinstance.py:2480} INFO - Exporting env vars: AIRFLOW_CTX_DAG_OWNER='airflow' AIRFLOW_CTX_DAG_ID='binance_klines_pipeline' AIRFLOW_CTX_TASK_ID='fetch_transform_load' AIRFLOW_CTX_EXECUTION_DATE='2025-12-30T11:07:43.486464+00:00' AIRFLOW_CTX_TRY_NUMBER='3' AIRFLOW_CTX_DAG_RUN_ID='manual__2025-12-30T11:07:43.486464+00:00'
[2025-12-30T11:18:05.771+0000] {logging_mixin.py:188} INFO - Processing execution_date: 2025-12-30
[2025-12-30T11:18:05.996+0000] {logging_mixin.py:188} INFO - Database connection successful.
[2025-12-30T11:18:06.323+0000] {logging_mixin.py:188} INFO - Data validation passed.
[2025-12-30T11:18:06.332+0000] {conn.py:400} INFO - <BrokerConnection client_id=kafka-python-producer-1, node_id=bootstrap-0 host=kafka:9092 <connecting> [IPv4 ('172.19.0.4', 9092)]>: connecting to kafka:9092 [('172.19.0.4', 9092) IPv4]
[2025-12-30T11:18:06.505+0000] {conn.py:622} INFO - <BrokerConnection client_id=kafka-python-producer-1, node_id=bootstrap-0 host=kafka:9092 <checking_api_versions_recv> [IPv4 ('172.19.0.4', 9092)]>: Broker version identified as 2.6
[2025-12-30T11:18:06.507+0000] {conn.py:461} INFO - <BrokerConnection client_id=kafka-python-producer-1, node_id=bootstrap-0 host=kafka:9092 <connected> [IPv4 ('172.19.0.4', 9092)]>: Connection complete.
[2025-12-30T11:18:06.627+0000] {conn.py:400} INFO - <BrokerConnection client_id=kafka-python-producer-1, node_id=1 host=kafka:9092 <connecting> [IPv4 ('172.19.0.4', 9092)]>: connecting to kafka:9092 [('172.19.0.4', 9092) IPv4]
[2025-12-30T11:18:06.631+0000] {conn.py:461} INFO - <BrokerConnection client_id=kafka-python-producer-1, node_id=1 host=kafka:9092 <connected> [IPv4 ('172.19.0.4', 9092)]>: Connection complete.
[2025-12-30T11:18:06.634+0000] {conn.py:951} INFO - <BrokerConnection client_id=kafka-python-producer-1, node_id=bootstrap-0 host=kafka:9092 <connected> [IPv4 ('172.19.0.4', 9092)]>: Closing connection. 
[2025-12-30T11:18:06.816+0000] {cluster.py:318} ERROR - Topic binance not found in cluster metadata
[2025-12-30T11:18:06.923+0000] {cluster.py:318} ERROR - Topic binance not found in cluster metadata
[2025-12-30T11:18:07.031+0000] {cluster.py:318} ERROR - Topic binance not found in cluster metadata
[2025-12-30T11:18:07.138+0000] {cluster.py:318} ERROR - Topic binance not found in cluster metadata
[2025-12-30T11:18:07.245+0000] {cluster.py:318} ERROR - Topic binance not found in cluster metadata
[2025-12-30T11:18:07.351+0000] {cluster.py:318} ERROR - Topic binance not found in cluster metadata
[2025-12-30T11:18:07.468+0000] {cluster.py:315} WARNING - Topic binance is not available during auto-create initialization
[2025-12-30T11:18:07.579+0000] {cluster.py:315} WARNING - Topic binance is not available during auto-create initialization
[2025-12-30T11:18:07.690+0000] {cluster.py:315} WARNING - Topic binance is not available during auto-create initialization
[2025-12-30T11:18:07.805+0000] {cluster.py:315} WARNING - Topic binance is not available during auto-create initialization
[2025-12-30T11:18:07.917+0000] {cluster.py:315} WARNING - Topic binance is not available during auto-create initialization
[2025-12-30T11:18:08.028+0000] {cluster.py:315} WARNING - Topic binance is not available during auto-create initialization
[2025-12-30T11:18:08.167+0000] {cluster.py:315} WARNING - Topic binance is not available during auto-create initialization
[2025-12-30T11:18:08.278+0000] {cluster.py:315} WARNING - Topic binance is not available during auto-create initialization
[2025-12-30T11:18:08.390+0000] {cluster.py:315} WARNING - Topic binance is not available during auto-create initialization
[2025-12-30T11:18:08.505+0000] {cluster.py:315} WARNING - Topic binance is not available during auto-create initialization
[2025-12-30T11:18:08.641+0000] {taskinstance.py:2698} ERROR - Task failed with exception
Traceback (most recent call last):
  File "/home/airflow/.local/lib/python3.8/site-packages/airflow/models/taskinstance.py", line 433, in _execute_task
    result = execute_callable(context=context, **execute_callable_kwargs)
  File "/home/airflow/.local/lib/python3.8/site-packages/airflow/operators/python.py", line 199, in execute
    return_value = self.execute_callable()
  File "/home/airflow/.local/lib/python3.8/site-packages/airflow/operators/python.py", line 216, in execute_callable
    return self.python_callable(*self.op_args, **self.op_kwargs)
  File "/opt/airflow/dags/dag.py", line 26, in fetch_transform_load
    send_to_kafka(topic="binance", data=df)
  File "/opt/airflow/pipelines/kafka_producer.py", line 20, in send_to_kafka
    producer.send(topic, record)
  File "/home/airflow/.local/lib/python3.8/site-packages/kafka/producer/kafka.py", line 849, in send
    value_bytes = self._serialize(
  File "/home/airflow/.local/lib/python3.8/site-packages/kafka/producer/kafka.py", line 982, in _serialize
    return f(data)
  File "/opt/airflow/pipelines/kafka_producer.py", line 8, in <lambda>
    value_serializer=lambda v: json.dumps(v).encode('utf-8')
  File "/usr/local/lib/python3.8/json/__init__.py", line 231, in dumps
    return _default_encoder.encode(obj)
  File "/usr/local/lib/python3.8/json/encoder.py", line 199, in encode
    chunks = self.iterencode(o, _one_shot=True)
  File "/usr/local/lib/python3.8/json/encoder.py", line 257, in iterencode
    return _iterencode(o, 0)
  File "/usr/local/lib/python3.8/json/encoder.py", line 179, in default
    raise TypeError(f'Object of type {o.__class__.__name__} '
TypeError: Object of type Timestamp is not JSON serializable
[2025-12-30T11:18:08.719+0000] {taskinstance.py:1138} INFO - Marking task as FAILED. dag_id=binance_klines_pipeline, task_id=fetch_transform_load, execution_date=20251230T110743, start_date=20251230T111803, end_date=20251230T111808
[2025-12-30T11:18:08.750+0000] {standard_task_runner.py:107} ERROR - Failed to execute job 15 for task fetch_transform_load (Object of type Timestamp is not JSON serializable; 201)
[2025-12-30T11:18:08.800+0000] {local_task_job_runner.py:234} INFO - Task exited with return code 1
[2025-12-30T11:18:08.830+0000] {taskinstance.py:3280} INFO - 0 downstream tasks scheduled from follow-on schedule check
