[2025-12-17T11:12:51.135+0000] {logging_mixin.py:188} INFO - Changing /opt/airflow/logs/dag_id=binance_klines_pipeline/run_id=manual__2025-12-17T11:02:39.841818+00:00/task_id=fetch_transform_load permission to 509
[2025-12-17T11:12:51.420+0000] {logging_mixin.py:188} INFO - Changing /opt/airflow/logs/dag_id=binance_klines_pipeline/run_id=manual__2025-12-17T11:02:39.841818+00:00/task_id=fetch_transform_load permission to 509
[2025-12-17T11:12:51.663+0000] {taskinstance.py:1956} INFO - Dependencies all met for dep_context=non-requeueable deps ti=<TaskInstance: binance_klines_pipeline.fetch_transform_load manual__2025-12-17T11:02:39.841818+00:00 [queued]>
[2025-12-17T11:12:51.686+0000] {taskinstance.py:1956} INFO - Dependencies all met for dep_context=requeueable deps ti=<TaskInstance: binance_klines_pipeline.fetch_transform_load manual__2025-12-17T11:02:39.841818+00:00 [queued]>
[2025-12-17T11:12:51.687+0000] {taskinstance.py:2170} INFO - Starting attempt 3 of 3
[2025-12-17T11:12:51.706+0000] {taskinstance.py:2191} INFO - Executing <Task(PythonOperator): fetch_transform_load> on 2025-12-17 11:02:39.841818+00:00
[2025-12-17T11:12:51.713+0000] {standard_task_runner.py:60} INFO - Started process 1016 to run task
[2025-12-17T11:12:51.716+0000] {standard_task_runner.py:87} INFO - Running: ['airflow', 'tasks', 'run', 'binance_klines_pipeline', 'fetch_transform_load', 'manual__2025-12-17T11:02:39.841818+00:00', '--job-id', '67', '--raw', '--subdir', 'DAGS_FOLDER/dag.py', '--cfg-path', '/tmp/tmpb_epuaqn']
[2025-12-17T11:12:51.719+0000] {standard_task_runner.py:88} INFO - Job 67: Subtask fetch_transform_load
[2025-12-17T11:12:51.946+0000] {logging_mixin.py:188} INFO - Changing /opt/airflow/logs/dag_id=binance_klines_pipeline/run_id=manual__2025-12-17T11:02:39.841818+00:00/task_id=fetch_transform_load permission to 509
[2025-12-17T11:12:51.958+0000] {task_command.py:423} INFO - Running <TaskInstance: binance_klines_pipeline.fetch_transform_load manual__2025-12-17T11:02:39.841818+00:00 [running]> on host fdd921353a68
[2025-12-17T11:12:52.697+0000] {taskinstance.py:2480} INFO - Exporting env vars: AIRFLOW_CTX_DAG_OWNER='airflow' AIRFLOW_CTX_DAG_ID='binance_klines_pipeline' AIRFLOW_CTX_TASK_ID='fetch_transform_load' AIRFLOW_CTX_EXECUTION_DATE='2025-12-17T11:02:39.841818+00:00' AIRFLOW_CTX_TRY_NUMBER='3' AIRFLOW_CTX_DAG_RUN_ID='manual__2025-12-17T11:02:39.841818+00:00'
[2025-12-17T11:12:52.700+0000] {logging_mixin.py:188} INFO - Processing execution_date: 2025-12-17
[2025-12-17T11:12:52.769+0000] {logging_mixin.py:188} INFO - Database connection successful.
[2025-12-17T11:12:53.178+0000] {logging_mixin.py:188} INFO - Data validation passed.
[2025-12-17T11:12:53.264+0000] {taskinstance.py:2698} ERROR - Task failed with exception
Traceback (most recent call last):
  File "/home/airflow/.local/lib/python3.8/site-packages/sqlalchemy/engine/base.py", line 1910, in _execute_context
    self.dialect.do_execute(
  File "/home/airflow/.local/lib/python3.8/site-packages/sqlalchemy/engine/default.py", line 736, in do_execute
    cursor.execute(statement, parameters)
psycopg2.errors.UndefinedColumn: column "open_price" of relation "binance_klines" does not exist
LINE 6:             open_price = EXCLUDED.open,
                    ^


The above exception was the direct cause of the following exception:

Traceback (most recent call last):
  File "/home/airflow/.local/lib/python3.8/site-packages/airflow/models/taskinstance.py", line 433, in _execute_task
    result = execute_callable(context=context, **execute_callable_kwargs)
  File "/home/airflow/.local/lib/python3.8/site-packages/airflow/operators/python.py", line 199, in execute
    return_value = self.execute_callable()
  File "/home/airflow/.local/lib/python3.8/site-packages/airflow/operators/python.py", line 216, in execute_callable
    return self.python_callable(*self.op_args, **self.op_kwargs)
  File "/opt/airflow/dags/dag.py", line 31, in fetch_transform_load
    load(
  File "/opt/airflow/pipelines/fetch.py", line 130, in load
    conn.execute(text(upsert_sql))
  File "/home/airflow/.local/lib/python3.8/site-packages/sqlalchemy/engine/base.py", line 1385, in execute
    return meth(self, multiparams, params, _EMPTY_EXECUTION_OPTS)
  File "/home/airflow/.local/lib/python3.8/site-packages/sqlalchemy/sql/elements.py", line 334, in _execute_on_connection
    return connection._execute_clauseelement(
  File "/home/airflow/.local/lib/python3.8/site-packages/sqlalchemy/engine/base.py", line 1577, in _execute_clauseelement
    ret = self._execute_context(
  File "/home/airflow/.local/lib/python3.8/site-packages/sqlalchemy/engine/base.py", line 1953, in _execute_context
    self._handle_dbapi_exception(
  File "/home/airflow/.local/lib/python3.8/site-packages/sqlalchemy/engine/base.py", line 2134, in _handle_dbapi_exception
    util.raise_(
  File "/home/airflow/.local/lib/python3.8/site-packages/sqlalchemy/util/compat.py", line 211, in raise_
    raise exception
  File "/home/airflow/.local/lib/python3.8/site-packages/sqlalchemy/engine/base.py", line 1910, in _execute_context
    self.dialect.do_execute(
  File "/home/airflow/.local/lib/python3.8/site-packages/sqlalchemy/engine/default.py", line 736, in do_execute
    cursor.execute(statement, parameters)
sqlalchemy.exc.ProgrammingError: (psycopg2.errors.UndefinedColumn) column "open_price" of relation "binance_klines" does not exist
LINE 6:             open_price = EXCLUDED.open,
                    ^

[SQL: 
        INSERT INTO binance_klines
        SELECT * FROM binance_klines
        ON CONFLICT (symbol, interval, open_time)
        DO UPDATE SET
            open_price = EXCLUDED.open,
            high_price = EXCLUDED.high,
            low_price = EXCLUDED.low,
            close_price = EXCLUDED.close,
            volume = EXCLUDED.volume,
            quote_volume = EXCLUDED.quote_volume,
            number_of_trades = EXCLUDED.num_trades,
            close_time = EXCLUDED.close_time,
            taker_buy_base = EXCLUDED.taker_buy_base,
            taker_buy_quote = EXCLUDED.taker_buy_quote;
    ]
(Background on this error at: https://sqlalche.me/e/14/f405)
[2025-12-17T11:12:53.336+0000] {taskinstance.py:1138} INFO - Marking task as FAILED. dag_id=binance_klines_pipeline, task_id=fetch_transform_load, execution_date=20251217T110239, start_date=20251217T111251, end_date=20251217T111253
[2025-12-17T11:12:53.366+0000] {standard_task_runner.py:107} ERROR - Failed to execute job 67 for task fetch_transform_load ((psycopg2.errors.UndefinedColumn) column "open_price" of relation "binance_klines" does not exist
LINE 6:             open_price = EXCLUDED.open,
                    ^

[SQL: 
        INSERT INTO binance_klines
        SELECT * FROM binance_klines
        ON CONFLICT (symbol, interval, open_time)
        DO UPDATE SET
            open_price = EXCLUDED.open,
            high_price = EXCLUDED.high,
            low_price = EXCLUDED.low,
            close_price = EXCLUDED.close,
            volume = EXCLUDED.volume,
            quote_volume = EXCLUDED.quote_volume,
            number_of_trades = EXCLUDED.num_trades,
            close_time = EXCLUDED.close_time,
            taker_buy_base = EXCLUDED.taker_buy_base,
            taker_buy_quote = EXCLUDED.taker_buy_quote;
    ]
(Background on this error at: https://sqlalche.me/e/14/f405); 1016)
[2025-12-17T11:12:53.414+0000] {local_task_job_runner.py:234} INFO - Task exited with return code 1
[2025-12-17T11:12:53.506+0000] {taskinstance.py:3280} INFO - 0 downstream tasks scheduled from follow-on schedule check
