[2025-12-16T11:51:55.021+0000] {logging_mixin.py:188} INFO - Changing /opt/airflow/logs/dag_id=binance_klines_pipeline/run_id=manual__2025-12-16T11:51:53.005809+00:00/task_id=fetch_transform_load permission to 509
[2025-12-16T11:51:55.294+0000] {logging_mixin.py:188} INFO - Changing /opt/airflow/logs/dag_id=binance_klines_pipeline/run_id=manual__2025-12-16T11:51:53.005809+00:00/task_id=fetch_transform_load permission to 509
[2025-12-16T11:51:55.430+0000] {taskinstance.py:1956} INFO - Dependencies all met for dep_context=non-requeueable deps ti=<TaskInstance: binance_klines_pipeline.fetch_transform_load manual__2025-12-16T11:51:53.005809+00:00 [queued]>
[2025-12-16T11:51:55.453+0000] {taskinstance.py:1956} INFO - Dependencies all met for dep_context=requeueable deps ti=<TaskInstance: binance_klines_pipeline.fetch_transform_load manual__2025-12-16T11:51:53.005809+00:00 [queued]>
[2025-12-16T11:51:55.454+0000] {taskinstance.py:2170} INFO - Starting attempt 1 of 3
[2025-12-16T11:51:55.475+0000] {taskinstance.py:2191} INFO - Executing <Task(PythonOperator): fetch_transform_load> on 2025-12-16 11:51:53.005809+00:00
[2025-12-16T11:51:55.481+0000] {standard_task_runner.py:60} INFO - Started process 206 to run task
[2025-12-16T11:51:55.486+0000] {standard_task_runner.py:87} INFO - Running: ['airflow', 'tasks', 'run', 'binance_klines_pipeline', 'fetch_transform_load', 'manual__2025-12-16T11:51:53.005809+00:00', '--job-id', '27', '--raw', '--subdir', 'DAGS_FOLDER/dag.py', '--cfg-path', '/tmp/tmpe5udofwh']
[2025-12-16T11:51:55.489+0000] {standard_task_runner.py:88} INFO - Job 27: Subtask fetch_transform_load
[2025-12-16T11:51:55.725+0000] {logging_mixin.py:188} INFO - Changing /opt/airflow/logs/dag_id=binance_klines_pipeline/run_id=manual__2025-12-16T11:51:53.005809+00:00/task_id=fetch_transform_load permission to 509
[2025-12-16T11:51:55.748+0000] {task_command.py:423} INFO - Running <TaskInstance: binance_klines_pipeline.fetch_transform_load manual__2025-12-16T11:51:53.005809+00:00 [running]> on host b8b80f7caa0b
[2025-12-16T11:51:56.148+0000] {taskinstance.py:2480} INFO - Exporting env vars: AIRFLOW_CTX_DAG_OWNER='airflow' AIRFLOW_CTX_DAG_ID='binance_klines_pipeline' AIRFLOW_CTX_TASK_ID='fetch_transform_load' AIRFLOW_CTX_EXECUTION_DATE='2025-12-16T11:51:53.005809+00:00' AIRFLOW_CTX_TRY_NUMBER='1' AIRFLOW_CTX_DAG_RUN_ID='manual__2025-12-16T11:51:53.005809+00:00'
[2025-12-16T11:51:56.331+0000] {logging_mixin.py:188} INFO - Database connection successful.
[2025-12-16T11:51:56.780+0000] {connectionpool.py:824} WARNING - Retrying (Retry(total=4, connect=None, read=None, redirect=None, status=None)) after connection broken by 'SSLError(SSLZeroReturnError(6, 'TLS/SSL connection has been closed (EOF) (_ssl.c:1131)'))': /api/v3/klines?symbol=BTCUSDT&interval=1h&startTime=1765281116332&endTime=1765885916332&limit=1000
[2025-12-16T11:51:59.920+0000] {connectionpool.py:824} WARNING - Retrying (Retry(total=3, connect=None, read=None, redirect=None, status=None)) after connection broken by 'SSLError(SSLZeroReturnError(6, 'TLS/SSL connection has been closed (EOF) (_ssl.c:1131)'))': /api/v3/klines?symbol=BTCUSDT&interval=1h&startTime=1765281116332&endTime=1765885916332&limit=1000
[2025-12-16T11:52:05.991+0000] {connectionpool.py:824} WARNING - Retrying (Retry(total=2, connect=None, read=None, redirect=None, status=None)) after connection broken by 'SSLError(SSLZeroReturnError(6, 'TLS/SSL connection has been closed (EOF) (_ssl.c:1131)'))': /api/v3/klines?symbol=BTCUSDT&interval=1h&startTime=1765281116332&endTime=1765885916332&limit=1000
[2025-12-16T11:52:18.107+0000] {connectionpool.py:824} WARNING - Retrying (Retry(total=1, connect=None, read=None, redirect=None, status=None)) after connection broken by 'SSLError(SSLZeroReturnError(6, 'TLS/SSL connection has been closed (EOF) (_ssl.c:1131)'))': /api/v3/klines?symbol=BTCUSDT&interval=1h&startTime=1765281116332&endTime=1765885916332&limit=1000
[2025-12-16T11:52:42.185+0000] {connectionpool.py:824} WARNING - Retrying (Retry(total=0, connect=None, read=None, redirect=None, status=None)) after connection broken by 'SSLError(SSLZeroReturnError(6, 'TLS/SSL connection has been closed (EOF) (_ssl.c:1131)'))': /api/v3/klines?symbol=BTCUSDT&interval=1h&startTime=1765281116332&endTime=1765885916332&limit=1000
[2025-12-16T11:52:42.299+0000] {logging_mixin.py:188} INFO - [WARN] Binance SSL closed connection — retrying next window: HTTPSConnectionPool(host='api.binance.com', port=443): Max retries exceeded with url: /api/v3/klines?symbol=BTCUSDT&interval=1h&startTime=1765281116332&endTime=1765885916332&limit=1000 (Caused by SSLError(SSLZeroReturnError(6, 'TLS/SSL connection has been closed (EOF) (_ssl.c:1131)')))
[2025-12-16T11:52:45.303+0000] {logging_mixin.py:188} INFO - No data fetched
[2025-12-16T11:52:45.305+0000] {python.py:201} INFO - Done. Returned value was: None
[2025-12-16T11:52:45.426+0000] {taskinstance.py:1138} INFO - Marking task as SUCCESS. dag_id=binance_klines_pipeline, task_id=fetch_transform_load, execution_date=20251216T115153, start_date=20251216T115155, end_date=20251216T115245
[2025-12-16T11:52:45.506+0000] {local_task_job_runner.py:234} INFO - Task exited with return code 0
[2025-12-16T11:52:45.770+0000] {taskinstance.py:3280} INFO - 0 downstream tasks scheduled from follow-on schedule check
