[2026-01-06T12:00:01.959+0000] {logging_mixin.py:188} INFO - Changing /opt/airflow/logs/dag_id=binance_klines_pipeline/run_id=scheduled__2026-01-06T09:00:00+00:00/task_id=fetch_transform_load permission to 509
[2026-01-06T12:00:02.519+0000] {logging_mixin.py:188} INFO - Changing /opt/airflow/logs/dag_id=binance_klines_pipeline/run_id=scheduled__2026-01-06T09:00:00+00:00/task_id=fetch_transform_load permission to 509
[2026-01-06T12:00:03.227+0000] {taskinstance.py:1956} INFO - Dependencies all met for dep_context=non-requeueable deps ti=<TaskInstance: binance_klines_pipeline.fetch_transform_load scheduled__2026-01-06T09:00:00+00:00 [queued]>
[2026-01-06T12:00:03.265+0000] {taskinstance.py:1956} INFO - Dependencies all met for dep_context=requeueable deps ti=<TaskInstance: binance_klines_pipeline.fetch_transform_load scheduled__2026-01-06T09:00:00+00:00 [queued]>
[2026-01-06T12:00:03.267+0000] {taskinstance.py:2170} INFO - Starting attempt 1 of 3
[2026-01-06T12:00:03.317+0000] {taskinstance.py:2191} INFO - Executing <Task(PythonOperator): fetch_transform_load> on 2026-01-06 09:00:00+00:00
[2026-01-06T12:00:03.326+0000] {standard_task_runner.py:60} INFO - Started process 3508 to run task
[2026-01-06T12:00:03.332+0000] {standard_task_runner.py:87} INFO - Running: ['airflow', 'tasks', 'run', 'binance_klines_pipeline', 'fetch_transform_load', 'scheduled__2026-01-06T09:00:00+00:00', '--job-id', '134', '--raw', '--subdir', 'DAGS_FOLDER/dag.py', '--cfg-path', '/tmp/tmpzyw44bpi']
[2026-01-06T12:00:03.338+0000] {standard_task_runner.py:88} INFO - Job 134: Subtask fetch_transform_load
[2026-01-06T12:00:03.749+0000] {logging_mixin.py:188} INFO - Changing /opt/airflow/logs/dag_id=binance_klines_pipeline/run_id=scheduled__2026-01-06T09:00:00+00:00/task_id=fetch_transform_load permission to 509
[2026-01-06T12:00:03.781+0000] {task_command.py:423} INFO - Running <TaskInstance: binance_klines_pipeline.fetch_transform_load scheduled__2026-01-06T09:00:00+00:00 [running]> on host 83fdd6fce6d0
[2026-01-06T12:00:04.399+0000] {taskinstance.py:2480} INFO - Exporting env vars: AIRFLOW_CTX_DAG_OWNER='airflow' AIRFLOW_CTX_DAG_ID='binance_klines_pipeline' AIRFLOW_CTX_TASK_ID='fetch_transform_load' AIRFLOW_CTX_EXECUTION_DATE='2026-01-06T09:00:00+00:00' AIRFLOW_CTX_TRY_NUMBER='1' AIRFLOW_CTX_DAG_RUN_ID='scheduled__2026-01-06T09:00:00+00:00'
[2026-01-06T12:00:06.101+0000] {logging_mixin.py:188} INFO - Processing execution_date: 2026-01-06
[2026-01-06T12:00:06.721+0000] {logging_mixin.py:188} INFO - Data validation passed.
[2026-01-06T12:00:10.736+0000] {conn.py:1530} WARNING - DNS lookup failed for kafka:9092, exception was [Errno -5] No address associated with hostname. Is your advertised.listeners (called advertised.host.name before Kafka 9) correct and resolvable?
[2026-01-06T12:00:10.739+0000] {conn.py:323} ERROR - <BrokerConnection client_id=kafka-python-producer-1, node_id=bootstrap-0 host=kafka:9092 <connecting> [unspecified None]>: DNS lookup failed for kafka:9092 (0)
[2026-01-06T12:00:10.741+0000] {conn.py:951} ERROR - <BrokerConnection client_id=kafka-python-producer-1, node_id=bootstrap-0 host=kafka:9092 <connecting> [unspecified None]>: Closing connection. KafkaConnectionError: DNS failure
[2026-01-06T12:00:10.745+0000] {taskinstance.py:2698} ERROR - Task failed with exception
Traceback (most recent call last):
  File "/home/airflow/.local/lib/python3.8/site-packages/airflow/models/taskinstance.py", line 433, in _execute_task
    result = execute_callable(context=context, **execute_callable_kwargs)
  File "/home/airflow/.local/lib/python3.8/site-packages/airflow/operators/python.py", line 199, in execute
    return_value = self.execute_callable()
  File "/home/airflow/.local/lib/python3.8/site-packages/airflow/operators/python.py", line 216, in execute_callable
    return self.python_callable(*self.op_args, **self.op_kwargs)
  File "/opt/airflow/dags/dag.py", line 25, in fetch_transform_load
    send_to_kafka(topic="binance", data= df)
  File "/opt/airflow/pipelines/kafka_producer.py", line 23, in send_to_kafka
    producer = get_producer()
  File "/opt/airflow/pipelines/kafka_producer.py", line 12, in get_producer
    return KafkaProducer(
  File "/home/airflow/.local/lib/python3.8/site-packages/kafka/producer/kafka.py", line 485, in __init__
    client = self.config['kafka_client'](
  File "/home/airflow/.local/lib/python3.8/site-packages/kafka/client_async.py", line 262, in __init__
    self.config['api_version'] = self.check_version()
  File "/home/airflow/.local/lib/python3.8/site-packages/kafka/client_async.py", line 1076, in check_version
    raise Errors.NoBrokersAvailable()
kafka.errors.NoBrokersAvailable: NoBrokersAvailable
[2026-01-06T12:00:10.851+0000] {taskinstance.py:1138} INFO - Marking task as UP_FOR_RETRY. dag_id=binance_klines_pipeline, task_id=fetch_transform_load, execution_date=20260106T090000, start_date=20260106T120003, end_date=20260106T1***0
[2026-01-06T12:00:10.893+0000] {standard_task_runner.py:107} ERROR - Failed to execute job 134 for task fetch_transform_load (NoBrokersAvailable; 3508)
[2026-01-06T12:00:10.942+0000] {local_task_job_runner.py:234} INFO - Task exited with return code 1
[2026-01-06T12:00:11.035+0000] {taskinstance.py:3280} INFO - 0 downstream tasks scheduled from follow-on schedule check
