[2025-12-18T10:32:35.785+0000] {logging_mixin.py:188} INFO - Changing /opt/airflow/logs/dag_id=binance_klines_pipeline/run_id=manual__2025-12-18T10:32:34.101252+00:00/task_id=fetch_transform_load permission to 509
[2025-12-18T10:32:35.965+0000] {logging_mixin.py:188} INFO - Changing /opt/airflow/logs/dag_id=binance_klines_pipeline/run_id=manual__2025-12-18T10:32:34.101252+00:00/task_id=fetch_transform_load permission to 509
[2025-12-18T10:32:36.092+0000] {taskinstance.py:1956} INFO - Dependencies all met for dep_context=non-requeueable deps ti=<TaskInstance: binance_klines_pipeline.fetch_transform_load manual__2025-12-18T10:32:34.101252+00:00 [queued]>
[2025-12-18T10:32:36.115+0000] {taskinstance.py:1956} INFO - Dependencies all met for dep_context=requeueable deps ti=<TaskInstance: binance_klines_pipeline.fetch_transform_load manual__2025-12-18T10:32:34.101252+00:00 [queued]>
[2025-12-18T10:32:36.118+0000] {taskinstance.py:2170} INFO - Starting attempt 1 of 3
[2025-12-18T10:32:36.146+0000] {taskinstance.py:2191} INFO - Executing <Task(PythonOperator): fetch_transform_load> on 2025-12-18 10:32:34.101252+00:00
[2025-12-18T10:32:36.155+0000] {standard_task_runner.py:60} INFO - Started process 350 to run task
[2025-12-18T10:32:36.158+0000] {standard_task_runner.py:87} INFO - Running: ['airflow', 'tasks', 'run', 'binance_klines_pipeline', 'fetch_transform_load', 'manual__2025-12-18T10:32:34.101252+00:00', '--job-id', '85', '--raw', '--subdir', 'DAGS_FOLDER/dag.py', '--cfg-path', '/tmp/tmp35f7nh9r']
[2025-12-18T10:32:36.161+0000] {standard_task_runner.py:88} INFO - Job 85: Subtask fetch_transform_load
[2025-12-18T10:32:36.438+0000] {logging_mixin.py:188} INFO - Changing /opt/airflow/logs/dag_id=binance_klines_pipeline/run_id=manual__2025-12-18T10:32:34.101252+00:00/task_id=fetch_transform_load permission to 509
[2025-12-18T10:32:36.454+0000] {task_command.py:423} INFO - Running <TaskInstance: binance_klines_pipeline.fetch_transform_load manual__2025-12-18T10:32:34.101252+00:00 [running]> on host 12fd0ac200ac
[2025-12-18T10:32:37.416+0000] {taskinstance.py:2480} INFO - Exporting env vars: AIRFLOW_CTX_DAG_OWNER='airflow' AIRFLOW_CTX_DAG_ID='binance_klines_pipeline' AIRFLOW_CTX_TASK_ID='fetch_transform_load' AIRFLOW_CTX_EXECUTION_DATE='2025-12-18T10:32:34.101252+00:00' AIRFLOW_CTX_TRY_NUMBER='1' AIRFLOW_CTX_DAG_RUN_ID='manual__2025-12-18T10:32:34.101252+00:00'
[2025-12-18T10:32:37.419+0000] {logging_mixin.py:188} INFO - Processing execution_date: 2025-12-18
[2025-12-18T10:32:37.488+0000] {logging_mixin.py:188} INFO - Database connection successful.
[2025-12-18T10:32:38.005+0000] {logging_mixin.py:188} INFO - Data validation passed.
[2025-12-18T10:32:38.044+0000] {logging_mixin.py:188} INFO - Loaded 1 rows into binance_klines
[2025-12-18T10:32:38.046+0000] {python.py:201} INFO - Done. Returned value was: None
[2025-12-18T10:32:38.134+0000] {taskinstance.py:1138} INFO - Marking task as SUCCESS. dag_id=binance_klines_pipeline, task_id=fetch_transform_load, execution_date=20251218T103234, start_date=20251218T103236, end_date=20251218T103238
[2025-12-18T10:32:38.182+0000] {local_task_job_runner.py:234} INFO - Task exited with return code 0
[2025-12-18T10:32:38.265+0000] {taskinstance.py:3280} INFO - 0 downstream tasks scheduled from follow-on schedule check
