[2025-12-18T11:05:41.989+0000] {logging_mixin.py:188} INFO - Changing /opt/airflow/logs/dag_id=binance_klines_pipeline/run_id=manual__2025-12-18T11:05:40.534410+00:00/task_id=fetch_transform_load permission to 509
[2025-12-18T11:05:42.362+0000] {logging_mixin.py:188} INFO - Changing /opt/airflow/logs/dag_id=binance_klines_pipeline/run_id=manual__2025-12-18T11:05:40.534410+00:00/task_id=fetch_transform_load permission to 509
[2025-12-18T11:05:42.484+0000] {taskinstance.py:1956} INFO - Dependencies all met for dep_context=non-requeueable deps ti=<TaskInstance: binance_klines_pipeline.fetch_transform_load manual__2025-12-18T11:05:40.534410+00:00 [queued]>
[2025-12-18T11:05:42.500+0000] {taskinstance.py:1956} INFO - Dependencies all met for dep_context=requeueable deps ti=<TaskInstance: binance_klines_pipeline.fetch_transform_load manual__2025-12-18T11:05:40.534410+00:00 [queued]>
[2025-12-18T11:05:42.501+0000] {taskinstance.py:2170} INFO - Starting attempt 1 of 3
[2025-12-18T11:05:42.526+0000] {taskinstance.py:2191} INFO - Executing <Task(PythonOperator): fetch_transform_load> on 2025-12-18 11:05:40.534410+00:00
[2025-12-18T11:05:42.535+0000] {standard_task_runner.py:60} INFO - Started process 398 to run task
[2025-12-18T11:05:42.540+0000] {standard_task_runner.py:87} INFO - Running: ['airflow', 'tasks', 'run', 'binance_klines_pipeline', 'fetch_transform_load', 'manual__2025-12-18T11:05:40.534410+00:00', '--job-id', '91', '--raw', '--subdir', 'DAGS_FOLDER/dag.py', '--cfg-path', '/tmp/tmpop2d94rd']
[2025-12-18T11:05:42.545+0000] {standard_task_runner.py:88} INFO - Job 91: Subtask fetch_transform_load
[2025-12-18T11:05:42.870+0000] {logging_mixin.py:188} INFO - Changing /opt/airflow/logs/dag_id=binance_klines_pipeline/run_id=manual__2025-12-18T11:05:40.534410+00:00/task_id=fetch_transform_load permission to 509
[2025-12-18T11:05:42.882+0000] {task_command.py:423} INFO - Running <TaskInstance: binance_klines_pipeline.fetch_transform_load manual__2025-12-18T11:05:40.534410+00:00 [running]> on host f49efe9a7b4d
[2025-12-18T11:05:43.788+0000] {taskinstance.py:2480} INFO - Exporting env vars: AIRFLOW_CTX_DAG_OWNER='airflow' AIRFLOW_CTX_DAG_ID='binance_klines_pipeline' AIRFLOW_CTX_TASK_ID='fetch_transform_load' AIRFLOW_CTX_EXECUTION_DATE='2025-12-18T11:05:40.534410+00:00' AIRFLOW_CTX_TRY_NUMBER='1' AIRFLOW_CTX_DAG_RUN_ID='manual__2025-12-18T11:05:40.534410+00:00'
[2025-12-18T11:05:43.791+0000] {logging_mixin.py:188} INFO - Processing execution_date: 2025-12-18
[2025-12-18T11:05:43.860+0000] {logging_mixin.py:188} INFO - Database connection successful.
[2025-12-18T11:05:44.256+0000] {logging_mixin.py:188} INFO - Data validation passed.
[2025-12-18T11:05:44.283+0000] {logging_mixin.py:188} INFO - Loaded 12 rows into binance_klines
[2025-12-18T11:05:44.285+0000] {python.py:201} INFO - Done. Returned value was: None
[2025-12-18T11:05:44.345+0000] {taskinstance.py:1138} INFO - Marking task as SUCCESS. dag_id=binance_klines_pipeline, task_id=fetch_transform_load, execution_date=20251218T110540, start_date=20251218T110542, end_date=20251218T110544
[2025-12-18T11:05:44.401+0000] {local_task_job_runner.py:234} INFO - Task exited with return code 0
[2025-12-18T11:05:44.497+0000] {taskinstance.py:3280} INFO - 0 downstream tasks scheduled from follow-on schedule check
