[2026-01-02T07:06:23.238+0000] {logging_mixin.py:188} INFO - Changing /opt/airflow/logs/dag_id=binance_klines_pipeline/run_id=manual__2026-01-02T07:06:20.044588+00:00/task_id=fetch_transform_load permission to 509
[2026-01-02T07:06:23.396+0000] {logging_mixin.py:188} INFO - Changing /opt/airflow/logs/dag_id=binance_klines_pipeline/run_id=manual__2026-01-02T07:06:20.044588+00:00/task_id=fetch_transform_load permission to 509
[2026-01-02T07:06:26.915+0000] {taskinstance.py:1956} INFO - Dependencies all met for dep_context=non-requeueable deps ti=<TaskInstance: binance_klines_pipeline.fetch_transform_load manual__2026-01-02T07:06:20.044588+00:00 [queued]>
[2026-01-02T07:06:26.943+0000] {taskinstance.py:1956} INFO - Dependencies all met for dep_context=requeueable deps ti=<TaskInstance: binance_klines_pipeline.fetch_transform_load manual__2026-01-02T07:06:20.044588+00:00 [queued]>
[2026-01-02T07:06:26.945+0000] {taskinstance.py:2170} INFO - Starting attempt 1 of 3
[2026-01-02T07:06:26.981+0000] {taskinstance.py:2191} INFO - Executing <Task(PythonOperator): fetch_transform_load> on 2026-01-02 07:06:20.044588+00:00
[2026-01-02T07:06:26.990+0000] {standard_task_runner.py:60} INFO - Started process 661 to run task
[2026-01-02T07:06:26.997+0000] {standard_task_runner.py:87} INFO - Running: ['airflow', 'tasks', 'run', 'binance_klines_pipeline', 'fetch_transform_load', 'manual__2026-01-02T07:06:20.044588+00:00', '--job-id', '31', '--raw', '--subdir', 'DAGS_FOLDER/dag.py', '--cfg-path', '/tmp/tmp6lhmf7cc']
[2026-01-02T07:06:27.003+0000] {standard_task_runner.py:88} INFO - Job 31: Subtask fetch_transform_load
[2026-01-02T07:06:27.094+0000] {logging_mixin.py:188} INFO - Changing /opt/airflow/logs/dag_id=binance_klines_pipeline/run_id=manual__2026-01-02T07:06:20.044588+00:00/task_id=fetch_transform_load permission to 509
[2026-01-02T07:06:27.124+0000] {task_command.py:423} INFO - Running <TaskInstance: binance_klines_pipeline.fetch_transform_load manual__2026-01-02T07:06:20.044588+00:00 [running]> on host da9c22c47f6e
[2026-01-02T07:06:27.285+0000] {taskinstance.py:2480} INFO - Exporting env vars: AIRFLOW_CTX_DAG_OWNER='airflow' AIRFLOW_CTX_DAG_ID='binance_klines_pipeline' AIRFLOW_CTX_TASK_ID='fetch_transform_load' AIRFLOW_CTX_EXECUTION_DATE='2026-01-02T07:06:20.044588+00:00' AIRFLOW_CTX_TRY_NUMBER='1' AIRFLOW_CTX_DAG_RUN_ID='manual__2026-01-02T07:06:20.044588+00:00'
[2026-01-02T07:06:28.699+0000] {taskinstance.py:2698} ERROR - Task failed with exception
Traceback (most recent call last):
  File "/home/airflow/.local/lib/python3.8/site-packages/airflow/models/taskinstance.py", line 433, in _execute_task
    result = execute_callable(context=context, **execute_callable_kwargs)
  File "/home/airflow/.local/lib/python3.8/site-packages/airflow/operators/python.py", line 199, in execute
    return_value = self.execute_callable()
  File "/home/airflow/.local/lib/python3.8/site-packages/airflow/operators/python.py", line 216, in execute_callable
    return self.python_callable(*self.op_args, **self.op_kwargs)
  File "/opt/airflow/dags/dag.py", line 6, in fetch_transform_load
    from pipelines.fetch import fetch_daily, transform, validate, get_engine
ImportError: cannot import name 'get_engine' from 'pipelines.fetch' (/opt/airflow/pipelines/fetch.py)
[2026-01-02T07:06:28.763+0000] {taskinstance.py:1138} INFO - Marking task as UP_FOR_RETRY. dag_id=binance_klines_pipeline, task_id=fetch_transform_load, execution_date=20260102T070620, start_date=20260102T070626, end_date=20260102T070628
[2026-01-02T07:06:28.801+0000] {standard_task_runner.py:107} ERROR - Failed to execute job 31 for task fetch_transform_load (cannot import name 'get_engine' from 'pipelines.fetch' (/opt/airflow/pipelines/fetch.py); 661)
[2026-01-02T07:06:28.860+0000] {local_task_job_runner.py:234} INFO - Task exited with return code 1
[2026-01-02T07:06:28.891+0000] {taskinstance.py:3280} INFO - 0 downstream tasks scheduled from follow-on schedule check
