[2025-12-30T11:12:54.892+0000] {logging_mixin.py:188} INFO - Changing /opt/airflow/logs/dag_id=binance_klines_pipeline/run_id=scheduled__2025-12-29T00:00:00+00:00/task_id=fetch_transform_load permission to 509
[2025-12-30T11:12:54.967+0000] {logging_mixin.py:188} INFO - Changing /opt/airflow/logs/dag_id=binance_klines_pipeline/run_id=scheduled__2025-12-29T00:00:00+00:00/task_id=fetch_transform_load permission to 509
[2025-12-30T11:12:57.478+0000] {taskinstance.py:1956} INFO - Dependencies all met for dep_context=non-requeueable deps ti=<TaskInstance: binance_klines_pipeline.fetch_transform_load scheduled__2025-12-29T00:00:00+00:00 [queued]>
[2025-12-30T11:12:57.498+0000] {taskinstance.py:1956} INFO - Dependencies all met for dep_context=requeueable deps ti=<TaskInstance: binance_klines_pipeline.fetch_transform_load scheduled__2025-12-29T00:00:00+00:00 [queued]>
[2025-12-30T11:12:57.501+0000] {taskinstance.py:2170} INFO - Starting attempt 2 of 3
[2025-12-30T11:12:57.535+0000] {taskinstance.py:2191} INFO - Executing <Task(PythonOperator): fetch_transform_load> on 2025-12-29 00:00:00+00:00
[2025-12-30T11:12:57.541+0000] {standard_task_runner.py:60} INFO - Started process 234 to run task
[2025-12-30T11:12:57.546+0000] {standard_task_runner.py:87} INFO - Running: ['airflow', 'tasks', 'run', 'binance_klines_pipeline', 'fetch_transform_load', 'scheduled__2025-12-29T00:00:00+00:00', '--job-id', '12', '--raw', '--subdir', 'DAGS_FOLDER/dag.py', '--cfg-path', '/tmp/tmp3tu2c8pw']
[2025-12-30T11:12:57.550+0000] {standard_task_runner.py:88} INFO - Job 12: Subtask fetch_transform_load
[2025-12-30T11:12:57.696+0000] {logging_mixin.py:188} INFO - Changing /opt/airflow/logs/dag_id=binance_klines_pipeline/run_id=scheduled__2025-12-29T00:00:00+00:00/task_id=fetch_transform_load permission to 509
[2025-12-30T11:12:57.714+0000] {task_command.py:423} INFO - Running <TaskInstance: binance_klines_pipeline.fetch_transform_load scheduled__2025-12-29T00:00:00+00:00 [running]> on host 02233b5e7a3a
[2025-12-30T11:12:57.864+0000] {taskinstance.py:2480} INFO - Exporting env vars: AIRFLOW_CTX_DAG_OWNER='airflow' AIRFLOW_CTX_DAG_ID='binance_klines_pipeline' AIRFLOW_CTX_TASK_ID='fetch_transform_load' AIRFLOW_CTX_EXECUTION_DATE='2025-12-29T00:00:00+00:00' AIRFLOW_CTX_TRY_NUMBER='2' AIRFLOW_CTX_DAG_RUN_ID='scheduled__2025-12-29T00:00:00+00:00'
[2025-12-30T11:12:59.034+0000] {logging_mixin.py:188} INFO - Processing execution_date: 2025-12-29
[2025-12-30T11:12:59.215+0000] {logging_mixin.py:188} INFO - Database connection successful.
[2025-12-30T11:12:59.633+0000] {logging_mixin.py:188} INFO - Data validation passed.
[2025-12-30T11:12:59.650+0000] {conn.py:400} INFO - <BrokerConnection client_id=kafka-python-producer-1, node_id=bootstrap-0 host=kafka:9092 <connecting> [IPv4 ('172.19.0.4', 9092)]>: connecting to kafka:9092 [('172.19.0.4', 9092) IPv4]
[2025-12-30T11:12:59.698+0000] {conn.py:622} INFO - <BrokerConnection client_id=kafka-python-producer-1, node_id=bootstrap-0 host=kafka:9092 <checking_api_versions_recv> [IPv4 ('172.19.0.4', 9092)]>: Broker version identified as 2.6
[2025-12-30T11:12:59.700+0000] {conn.py:461} INFO - <BrokerConnection client_id=kafka-python-producer-1, node_id=bootstrap-0 host=kafka:9092 <connected> [IPv4 ('172.19.0.4', 9092)]>: Connection complete.
[2025-12-30T11:12:59.815+0000] {conn.py:400} INFO - <BrokerConnection client_id=kafka-python-producer-1, node_id=1 host=kafka:9092 <connecting> [IPv4 ('172.19.0.4', 9092)]>: connecting to kafka:9092 [('172.19.0.4', 9092) IPv4]
[2025-12-30T11:12:59.817+0000] {conn.py:461} INFO - <BrokerConnection client_id=kafka-python-producer-1, node_id=1 host=kafka:9092 <connected> [IPv4 ('172.19.0.4', 9092)]>: Connection complete.
[2025-12-30T11:12:59.819+0000] {conn.py:951} INFO - <BrokerConnection client_id=kafka-python-producer-1, node_id=bootstrap-0 host=kafka:9092 <connected> [IPv4 ('172.19.0.4', 9092)]>: Closing connection. 
[2025-12-30T11:12:59.826+0000] {taskinstance.py:2698} ERROR - Task failed with exception
Traceback (most recent call last):
  File "/home/airflow/.local/lib/python3.8/site-packages/airflow/models/taskinstance.py", line 433, in _execute_task
    result = execute_callable(context=context, **execute_callable_kwargs)
  File "/home/airflow/.local/lib/python3.8/site-packages/airflow/operators/python.py", line 199, in execute
    return_value = self.execute_callable()
  File "/home/airflow/.local/lib/python3.8/site-packages/airflow/operators/python.py", line 216, in execute_callable
    return self.python_callable(*self.op_args, **self.op_kwargs)
  File "/opt/airflow/dags/dag.py", line 26, in fetch_transform_load
    send_to_kafka(topic="binance", data=df)
  File "/opt/airflow/pipelines/kafka_producer.py", line 20, in send_to_kafka
    producer.send(topic, record)
  File "/home/airflow/.local/lib/python3.8/site-packages/kafka/producer/kafka.py", line 849, in send
    value_bytes = self._serialize(
  File "/home/airflow/.local/lib/python3.8/site-packages/kafka/producer/kafka.py", line 982, in _serialize
    return f(data)
  File "/opt/airflow/pipelines/kafka_producer.py", line 8, in <lambda>
    value_serializer=lambda v: json.dumps(v).encode('utf-8')
  File "/usr/local/lib/python3.8/json/__init__.py", line 231, in dumps
    return _default_encoder.encode(obj)
  File "/usr/local/lib/python3.8/json/encoder.py", line 199, in encode
    chunks = self.iterencode(o, _one_shot=True)
  File "/usr/local/lib/python3.8/json/encoder.py", line 257, in iterencode
    return _iterencode(o, 0)
  File "/usr/local/lib/python3.8/json/encoder.py", line 179, in default
    raise TypeError(f'Object of type {o.__class__.__name__} '
TypeError: Object of type Timestamp is not JSON serializable
[2025-12-30T11:12:59.956+0000] {taskinstance.py:1138} INFO - Marking task as UP_FOR_RETRY. dag_id=binance_klines_pipeline, task_id=fetch_transform_load, execution_date=20251229T000000, start_date=20251230T111257, end_date=20251230T111259
[2025-12-30T11:12:59.988+0000] {standard_task_runner.py:107} ERROR - Failed to execute job 12 for task fetch_transform_load (Object of type Timestamp is not JSON serializable; 234)
[2025-12-30T11:13:00.024+0000] {local_task_job_runner.py:234} INFO - Task exited with return code 1
[2025-12-30T11:13:00.067+0000] {taskinstance.py:3280} INFO - 0 downstream tasks scheduled from follow-on schedule check
