[2025-12-15T05:40:11.656+0000] {logging_mixin.py:188} INFO - Changing /opt/***/logs/dag_id=binance_klines_pipeline/run_id=scheduled__2025-12-14T00:00:00+00:00/task_id=fetch_and_transform permission to 509
[2025-12-15T05:40:11.720+0000] {logging_mixin.py:188} INFO - Changing /opt/***/logs/dag_id=binance_klines_pipeline/run_id=scheduled__2025-12-14T00:00:00+00:00/task_id=fetch_and_transform permission to 509
[2025-12-15T05:40:11.779+0000] {taskinstance.py:1956} INFO - Dependencies all met for dep_context=non-requeueable deps ti=<TaskInstance: binance_klines_pipeline.fetch_and_transform scheduled__2025-12-14T00:00:00+00:00 [queued]>
[2025-12-15T05:40:11.795+0000] {taskinstance.py:1956} INFO - Dependencies all met for dep_context=requeueable deps ti=<TaskInstance: binance_klines_pipeline.fetch_and_transform scheduled__2025-12-14T00:00:00+00:00 [queued]>
[2025-12-15T05:40:11.796+0000] {taskinstance.py:2170} INFO - Starting attempt 1 of 2
[2025-12-15T05:40:11.813+0000] {taskinstance.py:2191} INFO - Executing <Task(PythonOperator): fetch_and_transform> on 2025-12-14 00:00:00+00:00
[2025-12-15T05:40:11.821+0000] {standard_task_runner.py:60} INFO - Started process 194 to run task
[2025-12-15T05:40:11.825+0000] {standard_task_runner.py:87} INFO - Running: ['***', 'tasks', 'run', 'binance_klines_pipeline', 'fetch_and_transform', 'scheduled__2025-12-14T00:00:00+00:00', '--job-id', '50', '--raw', '--subdir', 'DAGS_FOLDER/dag.py', '--cfg-path', '/tmp/tmp3mrj6nx7']
[2025-12-15T05:40:11.828+0000] {standard_task_runner.py:88} INFO - Job 50: Subtask fetch_and_transform
[2025-12-15T05:40:11.919+0000] {logging_mixin.py:188} INFO - Changing /opt/***/logs/dag_id=binance_klines_pipeline/run_id=scheduled__2025-12-14T00:00:00+00:00/task_id=fetch_and_transform permission to 509
[2025-12-15T05:40:11.938+0000] {task_command.py:423} INFO - Running <TaskInstance: binance_klines_pipeline.fetch_and_transform scheduled__2025-12-14T00:00:00+00:00 [running]> on host ad5b53e8ec24
[2025-12-15T05:40:12.076+0000] {taskinstance.py:2480} INFO - Exporting env vars: AIRFLOW_CTX_DAG_OWNER='***' AIRFLOW_CTX_DAG_ID='binance_klines_pipeline' AIRFLOW_CTX_TASK_ID='fetch_and_transform' AIRFLOW_CTX_EXECUTION_DATE='2025-12-14T00:00:00+00:00' AIRFLOW_CTX_TRY_NUMBER='1' AIRFLOW_CTX_DAG_RUN_ID='scheduled__2025-12-14T00:00:00+00:00'
[2025-12-15T05:40:12.467+0000] {connectionpool.py:824} WARNING - Retrying (Retry(total=4, connect=None, read=None, redirect=None, status=None)) after connection broken by 'SSLError(SSLZeroReturnError(6, 'TLS/SSL connection has been closed (EOF) (_ssl.c:1131)'))': /api/v3/klines?symbol=BTCUSDT&interval=1h&startTime=1704067200001&endTime=1717200000000&limit=1000
[2025-12-15T05:40:14.571+0000] {connectionpool.py:824} WARNING - Retrying (Retry(total=3, connect=None, read=None, redirect=None, status=None)) after connection broken by 'SSLError(SSLZeroReturnError(6, 'TLS/SSL connection has been closed (EOF) (_ssl.c:1131)'))': /api/v3/klines?symbol=BTCUSDT&interval=1h&startTime=1704067200001&endTime=1717200000000&limit=1000
[2025-12-15T05:40:18.731+0000] {connectionpool.py:824} WARNING - Retrying (Retry(total=2, connect=None, read=None, redirect=None, status=None)) after connection broken by 'SSLError(SSLZeroReturnError(6, 'TLS/SSL connection has been closed (EOF) (_ssl.c:1131)'))': /api/v3/klines?symbol=BTCUSDT&interval=1h&startTime=1704067200001&endTime=1717200000000&limit=1000
[2025-12-15T05:40:26.935+0000] {connectionpool.py:824} WARNING - Retrying (Retry(total=1, connect=None, read=None, redirect=None, status=None)) after connection broken by 'SSLError(SSLZeroReturnError(6, 'TLS/SSL connection has been closed (EOF) (_ssl.c:1131)'))': /api/v3/klines?symbol=BTCUSDT&interval=1h&startTime=1704067200001&endTime=1717200000000&limit=1000
[2025-12-15T05:40:43.222+0000] {connectionpool.py:824} WARNING - Retrying (Retry(total=0, connect=None, read=None, redirect=None, status=None)) after connection broken by 'SSLError(SSLZeroReturnError(6, 'TLS/SSL connection has been closed (EOF) (_ssl.c:1131)'))': /api/v3/klines?symbol=BTCUSDT&interval=1h&startTime=1704067200001&endTime=1717200000000&limit=1000
[2025-12-15T05:40:43.409+0000] {taskinstance.py:2698} ERROR - Task failed with exception
Traceback (most recent call last):
  File "/home/airflow/.local/lib/python3.8/site-packages/urllib3/connectionpool.py", line 715, in urlopen
    httplib_response = self._make_request(
  File "/home/airflow/.local/lib/python3.8/site-packages/urllib3/connectionpool.py", line 404, in _make_request
    self._validate_conn(conn)
  File "/home/airflow/.local/lib/python3.8/site-packages/urllib3/connectionpool.py", line 1058, in _validate_conn
    conn.connect()
  File "/home/airflow/.local/lib/python3.8/site-packages/urllib3/connection.py", line 419, in connect
    self.sock = ssl_wrap_socket(
  File "/home/airflow/.local/lib/python3.8/site-packages/urllib3/util/ssl_.py", line 449, in ssl_wrap_socket
    ssl_sock = _ssl_wrap_socket_impl(
  File "/home/airflow/.local/lib/python3.8/site-packages/urllib3/util/ssl_.py", line 493, in _ssl_wrap_socket_impl
    return ssl_context.wrap_socket(sock, server_hostname=server_hostname)
  File "/usr/local/lib/python3.8/ssl.py", line 500, in wrap_socket
    return self.sslsocket_class._create(
  File "/usr/local/lib/python3.8/ssl.py", line 1073, in _create
    self.do_handshake()
  File "/usr/local/lib/python3.8/ssl.py", line 1342, in do_handshake
    self._sslobj.do_handshake()
ssl.SSLZeroReturnError: TLS/SSL connection has been closed (EOF) (_ssl.c:1131)

During handling of the above exception, another exception occurred:

Traceback (most recent call last):
  File "/home/airflow/.local/lib/python3.8/site-packages/requests/adapters.py", line 486, in send
    resp = conn.urlopen(
  File "/home/airflow/.local/lib/python3.8/site-packages/urllib3/connectionpool.py", line 827, in urlopen
    return self.urlopen(
  File "/home/airflow/.local/lib/python3.8/site-packages/urllib3/connectionpool.py", line 827, in urlopen
    return self.urlopen(
  File "/home/airflow/.local/lib/python3.8/site-packages/urllib3/connectionpool.py", line 827, in urlopen
    return self.urlopen(
  [Previous line repeated 2 more times]
  File "/home/airflow/.local/lib/python3.8/site-packages/urllib3/connectionpool.py", line 799, in urlopen
    retries = retries.increment(
  File "/home/airflow/.local/lib/python3.8/site-packages/urllib3/util/retry.py", line 592, in increment
    raise MaxRetryError(_pool, url, error or ResponseError(cause))
urllib3.exceptions.MaxRetryError: HTTPSConnectionPool(host='api.binance.com', port=443): Max retries exceeded with url: /api/v3/klines?symbol=BTCUSDT&interval=1h&startTime=1704067200001&endTime=1717200000000&limit=1000 (Caused by SSLError(SSLZeroReturnError(6, 'TLS/SSL connection has been closed (EOF) (_ssl.c:1131)')))

During handling of the above exception, another exception occurred:

Traceback (most recent call last):
  File "/home/airflow/.local/lib/python3.8/site-packages/airflow/models/taskinstance.py", line 433, in _execute_task
    result = execute_callable(context=context, **execute_callable_kwargs)
  File "/home/airflow/.local/lib/python3.8/site-packages/airflow/operators/python.py", line 199, in execute
    return_value = self.execute_callable()
  File "/home/airflow/.local/lib/python3.8/site-packages/airflow/operators/python.py", line 216, in execute_callable
    return self.python_callable(*self.op_args, **self.op_kwargs)
  File "/opt/airflow/dags/dag.py", line 17, in task_fetch_and_transform
    raw = fetch(symbol, interval, start_time, end_time)
  File "/opt/airflow/pipelines/fetch.py", line 35, in fetch
    response = session.get(
  File "/home/airflow/.local/lib/python3.8/site-packages/requests/sessions.py", line 602, in get
    return self.request("GET", url, **kwargs)
  File "/home/airflow/.local/lib/python3.8/site-packages/requests/sessions.py", line 589, in request
    resp = self.send(prep, **send_kwargs)
  File "/home/airflow/.local/lib/python3.8/site-packages/requests/sessions.py", line 703, in send
    r = adapter.send(request, **kwargs)
  File "/home/airflow/.local/lib/python3.8/site-packages/requests/adapters.py", line 517, in send
    raise SSLError(e, request=request)
requests.exceptions.SSLError: HTTPSConnectionPool(host='api.binance.com', port=443): Max retries exceeded with url: /api/v3/klines?symbol=BTCUSDT&interval=1h&startTime=1704067200001&endTime=1717200000000&limit=1000 (Caused by SSLError(SSLZeroReturnError(6, 'TLS/SSL connection has been closed (EOF) (_ssl.c:1131)')))
[2025-12-15T05:40:43.443+0000] {taskinstance.py:1138} INFO - Marking task as UP_FOR_RETRY. dag_id=binance_klines_pipeline, task_id=fetch_and_transform, execution_date=20251214T000000, start_date=20251215T054011, end_date=20251215T054043
[2025-12-15T05:40:43.465+0000] {standard_task_runner.py:107} ERROR - Failed to execute job 50 for task fetch_and_transform (HTTPSConnectionPool(host='api.binance.com', port=443): Max retries exceeded with url: /api/v3/klines?symbol=BTCUSDT&interval=1h&startTime=1704067200001&endTime=1717200000000&limit=1000 (Caused by SSLError(SSLZeroReturnError(6, 'TLS/SSL connection has been closed (EOF) (_ssl.c:1131)'))); 194)
[2025-12-15T05:40:43.497+0000] {local_task_job_runner.py:234} INFO - Task exited with return code 1
[2025-12-15T05:40:43.535+0000] {taskinstance.py:3280} INFO - 0 downstream tasks scheduled from follow-on schedule check
