[2025-12-11T06:38:41.062+0000] {logging_mixin.py:188} INFO - Changing /opt/***/logs/dag_id=binance_klines_pipeline/run_id=scheduled__2025-12-10T00:00:00+00:00/task_id=fetch_and_transform permission to 509
[2025-12-11T06:38:41.131+0000] {logging_mixin.py:188} INFO - Changing /opt/***/logs/dag_id=binance_klines_pipeline/run_id=scheduled__2025-12-10T00:00:00+00:00/task_id=fetch_and_transform permission to 509
[2025-12-11T06:38:41.231+0000] {taskinstance.py:1956} INFO - Dependencies all met for dep_context=non-requeueable deps ti=<TaskInstance: binance_klines_pipeline.fetch_and_transform scheduled__2025-12-10T00:00:00+00:00 [queued]>
[2025-12-11T06:38:41.251+0000] {taskinstance.py:1956} INFO - Dependencies all met for dep_context=requeueable deps ti=<TaskInstance: binance_klines_pipeline.fetch_and_transform scheduled__2025-12-10T00:00:00+00:00 [queued]>
[2025-12-11T06:38:41.253+0000] {taskinstance.py:2170} INFO - Starting attempt 1 of 2
[2025-12-11T06:38:41.281+0000] {taskinstance.py:2191} INFO - Executing <Task(PythonOperator): fetch_and_transform> on 2025-12-10 00:00:00+00:00
[2025-12-11T06:38:41.288+0000] {standard_task_runner.py:60} INFO - Started process 194 to run task
[2025-12-11T06:38:41.292+0000] {standard_task_runner.py:87} INFO - Running: ['***', 'tasks', 'run', 'binance_klines_pipeline', 'fetch_and_transform', 'scheduled__2025-12-10T00:00:00+00:00', '--job-id', '16', '--raw', '--subdir', 'DAGS_FOLDER/dag.py', '--cfg-path', '/tmp/tmp5q8zcvrs']
[2025-12-11T06:38:41.296+0000] {standard_task_runner.py:88} INFO - Job 16: Subtask fetch_and_transform
[2025-12-11T06:38:41.384+0000] {logging_mixin.py:188} INFO - Changing /opt/***/logs/dag_id=binance_klines_pipeline/run_id=scheduled__2025-12-10T00:00:00+00:00/task_id=fetch_and_transform permission to 509
[2025-12-11T06:38:41.406+0000] {task_command.py:423} INFO - Running <TaskInstance: binance_klines_pipeline.fetch_and_transform scheduled__2025-12-10T00:00:00+00:00 [running]> on host 28c17479b017
[2025-12-11T06:38:41.529+0000] {taskinstance.py:2480} INFO - Exporting env vars: AIRFLOW_CTX_DAG_OWNER='***' AIRFLOW_CTX_DAG_ID='binance_klines_pipeline' AIRFLOW_CTX_TASK_ID='fetch_and_transform' AIRFLOW_CTX_EXECUTION_DATE='2025-12-10T00:00:00+00:00' AIRFLOW_CTX_TRY_NUMBER='1' AIRFLOW_CTX_DAG_RUN_ID='scheduled__2025-12-10T00:00:00+00:00'
[2025-12-11T06:38:41.977+0000] {taskinstance.py:2698} ERROR - Task failed with exception
Traceback (most recent call last):
  File "/home/airflow/.local/lib/python3.8/site-packages/urllib3/connectionpool.py", line 715, in urlopen
    httplib_response = self._make_request(
  File "/home/airflow/.local/lib/python3.8/site-packages/urllib3/connectionpool.py", line 404, in _make_request
    self._validate_conn(conn)
  File "/home/airflow/.local/lib/python3.8/site-packages/urllib3/connectionpool.py", line 1058, in _validate_conn
    conn.connect()
  File "/home/airflow/.local/lib/python3.8/site-packages/urllib3/connection.py", line 419, in connect
    self.sock = ssl_wrap_socket(
  File "/home/airflow/.local/lib/python3.8/site-packages/urllib3/util/ssl_.py", line 449, in ssl_wrap_socket
    ssl_sock = _ssl_wrap_socket_impl(
  File "/home/airflow/.local/lib/python3.8/site-packages/urllib3/util/ssl_.py", line 493, in _ssl_wrap_socket_impl
    return ssl_context.wrap_socket(sock, server_hostname=server_hostname)
  File "/usr/local/lib/python3.8/ssl.py", line 500, in wrap_socket
    return self.sslsocket_class._create(
  File "/usr/local/lib/python3.8/ssl.py", line 1073, in _create
    self.do_handshake()
  File "/usr/local/lib/python3.8/ssl.py", line 1342, in do_handshake
    self._sslobj.do_handshake()
ssl.SSLZeroReturnError: TLS/SSL connection has been closed (EOF) (_ssl.c:1131)

During handling of the above exception, another exception occurred:

Traceback (most recent call last):
  File "/home/airflow/.local/lib/python3.8/site-packages/requests/adapters.py", line 486, in send
    resp = conn.urlopen(
  File "/home/airflow/.local/lib/python3.8/site-packages/urllib3/connectionpool.py", line 799, in urlopen
    retries = retries.increment(
  File "/home/airflow/.local/lib/python3.8/site-packages/urllib3/util/retry.py", line 592, in increment
    raise MaxRetryError(_pool, url, error or ResponseError(cause))
urllib3.exceptions.MaxRetryError: HTTPSConnectionPool(host='api.binance.com', port=443): Max retries exceeded with url: /api/v3/klines?symbol=BTCUSDT&interval=1h&startTime=1704067200001&endTime=1717200000000&limit=1000 (Caused by SSLError(SSLZeroReturnError(6, 'TLS/SSL connection has been closed (EOF) (_ssl.c:1131)')))

During handling of the above exception, another exception occurred:

Traceback (most recent call last):
  File "/home/airflow/.local/lib/python3.8/site-packages/airflow/models/taskinstance.py", line 433, in _execute_task
    result = execute_callable(context=context, **execute_callable_kwargs)
  File "/home/airflow/.local/lib/python3.8/site-packages/airflow/operators/python.py", line 199, in execute
    return_value = self.execute_callable()
  File "/home/airflow/.local/lib/python3.8/site-packages/airflow/operators/python.py", line 216, in execute_callable
    return self.python_callable(*self.op_args, **self.op_kwargs)
  File "/opt/airflow/dags/dag.py", line 17, in task_fetch_and_transform
    raw = fetch_data(symbol, interval, start_time, end_time)
  File "/opt/airflow/pipelines/fetch.py", line 20, in fetch_data
    response = requests.get(url, params=params, verify=True)
  File "/home/airflow/.local/lib/python3.8/site-packages/requests/api.py", line 73, in get
    return request("get", url, params=params, **kwargs)
  File "/home/airflow/.local/lib/python3.8/site-packages/requests/api.py", line 59, in request
    return session.request(method=method, url=url, **kwargs)
  File "/home/airflow/.local/lib/python3.8/site-packages/requests/sessions.py", line 589, in request
    resp = self.send(prep, **send_kwargs)
  File "/home/airflow/.local/lib/python3.8/site-packages/requests/sessions.py", line 703, in send
    r = adapter.send(request, **kwargs)
  File "/home/airflow/.local/lib/python3.8/site-packages/requests/adapters.py", line 517, in send
    raise SSLError(e, request=request)
requests.exceptions.SSLError: HTTPSConnectionPool(host='api.binance.com', port=443): Max retries exceeded with url: /api/v3/klines?symbol=BTCUSDT&interval=1h&startTime=1704067200001&endTime=1717200000000&limit=1000 (Caused by SSLError(SSLZeroReturnError(6, 'TLS/SSL connection has been closed (EOF) (_ssl.c:1131)')))
[2025-12-11T06:38:42.010+0000] {taskinstance.py:1138} INFO - Marking task as UP_FOR_RETRY. dag_id=binance_klines_pipeline, task_id=fetch_and_transform, execution_date=20251210T000000, start_date=20251211T063841, end_date=20251211T063842
[2025-12-11T06:38:42.031+0000] {standard_task_runner.py:107} ERROR - Failed to execute job 16 for task fetch_and_transform (HTTPSConnectionPool(host='api.binance.com', port=443): Max retries exceeded with url: /api/v3/klines?symbol=BTCUSDT&interval=1h&startTime=1704067200001&endTime=1717200000000&limit=1000 (Caused by SSLError(SSLZeroReturnError(6, 'TLS/SSL connection has been closed (EOF) (_ssl.c:1131)'))); 194)
[2025-12-11T06:38:42.045+0000] {local_task_job_runner.py:234} INFO - Task exited with return code 1
[2025-12-11T06:38:42.077+0000] {taskinstance.py:3280} INFO - 0 downstream tasks scheduled from follow-on schedule check
