[2026-01-12T04:54:11.611+0000] {logging_mixin.py:188} INFO - Changing /opt/airflow/logs/dag_id=binance_klines_pipeline/run_id=scheduled__2026-01-09T10:00:00+00:00/task_id=fetch_transform_load permission to 509
[2026-01-12T04:54:11.958+0000] {logging_mixin.py:188} INFO - Changing /opt/airflow/logs/dag_id=binance_klines_pipeline/run_id=scheduled__2026-01-09T10:00:00+00:00/task_id=fetch_transform_load permission to 509
[2026-01-12T04:54:12.246+0000] {taskinstance.py:1956} INFO - Dependencies all met for dep_context=non-requeueable deps ti=<TaskInstance: binance_klines_pipeline.fetch_transform_load scheduled__2026-01-09T10:00:00+00:00 [queued]>
[2026-01-12T04:54:12.291+0000] {taskinstance.py:1956} INFO - Dependencies all met for dep_context=requeueable deps ti=<TaskInstance: binance_klines_pipeline.fetch_transform_load scheduled__2026-01-09T10:00:00+00:00 [queued]>
[2026-01-12T04:54:12.293+0000] {taskinstance.py:2170} INFO - Starting attempt 1 of 3
[2026-01-12T04:54:12.356+0000] {taskinstance.py:2191} INFO - Executing <Task(PythonOperator): fetch_transform_load> on 2026-01-09 10:00:00+00:00
[2026-01-12T04:54:12.367+0000] {standard_task_runner.py:60} INFO - Started process 165 to run task
[2026-01-12T04:54:12.371+0000] {standard_task_runner.py:87} INFO - Running: ['airflow', 'tasks', 'run', 'binance_klines_pipeline', 'fetch_transform_load', 'scheduled__2026-01-09T10:00:00+00:00', '--job-id', '161', '--raw', '--subdir', 'DAGS_FOLDER/dag.py', '--cfg-path', '/tmp/tmpc7rfowgp']
[2026-01-12T04:54:12.378+0000] {standard_task_runner.py:88} INFO - Job 161: Subtask fetch_transform_load
[2026-01-12T04:54:12.890+0000] {logging_mixin.py:188} INFO - Changing /opt/airflow/logs/dag_id=binance_klines_pipeline/run_id=scheduled__2026-01-09T10:00:00+00:00/task_id=fetch_transform_load permission to 509
[2026-01-12T04:54:12.916+0000] {task_command.py:423} INFO - Running <TaskInstance: binance_klines_pipeline.fetch_transform_load scheduled__2026-01-09T10:00:00+00:00 [running]> on host 37a09a173582
[2026-01-12T04:54:13.676+0000] {taskinstance.py:2480} INFO - Exporting env vars: AIRFLOW_CTX_DAG_OWNER='airflow' AIRFLOW_CTX_DAG_ID='binance_klines_pipeline' AIRFLOW_CTX_TASK_ID='fetch_transform_load' AIRFLOW_CTX_EXECUTION_DATE='2026-01-09T10:00:00+00:00' AIRFLOW_CTX_TRY_NUMBER='1' AIRFLOW_CTX_DAG_RUN_ID='scheduled__2026-01-09T10:00:00+00:00'
[2026-01-12T04:54:15.638+0000] {logging_mixin.py:188} INFO - Processing execution_date: 2026-01-09
[2026-01-12T04:54:15.924+0000] {logging_mixin.py:188} INFO - Data validation passed.
[2026-01-12T04:54:19.781+0000] {conn.py:1530} WARNING - DNS lookup failed for kafka:9092, exception was [Errno -2] Name or service not known. Is your advertised.listeners (called advertised.host.name before Kafka 9) correct and resolvable?
[2026-01-12T04:54:19.783+0000] {conn.py:323} ERROR - <BrokerConnection client_id=kafka-python-producer-1, node_id=bootstrap-0 host=kafka:9092 <connecting> [unspecified None]>: DNS lookup failed for kafka:9092 (0)
[2026-01-12T04:54:19.784+0000] {conn.py:951} ERROR - <BrokerConnection client_id=kafka-python-producer-1, node_id=bootstrap-0 host=kafka:9092 <connecting> [unspecified None]>: Closing connection. KafkaConnectionError: DNS failure
[2026-01-12T04:54:19.785+0000] {taskinstance.py:2698} ERROR - Task failed with exception
Traceback (most recent call last):
  File "/home/airflow/.local/lib/python3.8/site-packages/airflow/models/taskinstance.py", line 433, in _execute_task
    result = execute_callable(context=context, **execute_callable_kwargs)
  File "/home/airflow/.local/lib/python3.8/site-packages/airflow/operators/python.py", line 199, in execute
    return_value = self.execute_callable()
  File "/home/airflow/.local/lib/python3.8/site-packages/airflow/operators/python.py", line 216, in execute_callable
    return self.python_callable(*self.op_args, **self.op_kwargs)
  File "/opt/airflow/dags/dag.py", line 25, in fetch_transform_load
    send_to_kafka(topic="binance", data= df)
  File "/opt/airflow/pipelines/kafka_producer.py", line 23, in send_to_kafka
    producer = get_producer()
  File "/opt/airflow/pipelines/kafka_producer.py", line 12, in get_producer
    return KafkaProducer(
  File "/home/airflow/.local/lib/python3.8/site-packages/kafka/producer/kafka.py", line 485, in __init__
    client = self.config['kafka_client'](
  File "/home/airflow/.local/lib/python3.8/site-packages/kafka/client_async.py", line 262, in __init__
    self.config['api_version'] = self.check_version()
  File "/home/airflow/.local/lib/python3.8/site-packages/kafka/client_async.py", line 1076, in check_version
    raise Errors.NoBrokersAvailable()
kafka.errors.NoBrokersAvailable: NoBrokersAvailable
[2026-01-12T04:54:19.876+0000] {taskinstance.py:1138} INFO - Marking task as UP_FOR_RETRY. dag_id=binance_klines_pipeline, task_id=fetch_transform_load, execution_date=20260109T100000, start_date=20260112T045412, end_date=20260112T045419
[2026-01-12T04:54:19.924+0000] {standard_task_runner.py:107} ERROR - Failed to execute job 161 for task fetch_transform_load (NoBrokersAvailable; 165)
[2026-01-12T04:54:19.976+0000] {local_task_job_runner.py:234} INFO - Task exited with return code 1
[2026-01-12T04:54:20.065+0000] {taskinstance.py:3280} INFO - 0 downstream tasks scheduled from follow-on schedule check
