[2025-12-22T11:18:31.385+0000] {logging_mixin.py:188} INFO - Changing /opt/airflow/logs/dag_id=binance_klines_pipeline/run_id=manual__2025-12-22T11:18:28.585390+00:00/task_id=fetch_transform_load permission to 509
[2025-12-22T11:18:31.677+0000] {logging_mixin.py:188} INFO - Changing /opt/airflow/logs/dag_id=binance_klines_pipeline/run_id=manual__2025-12-22T11:18:28.585390+00:00/task_id=fetch_transform_load permission to 509
[2025-12-22T11:18:31.966+0000] {taskinstance.py:1956} INFO - Dependencies all met for dep_context=non-requeueable deps ti=<TaskInstance: binance_klines_pipeline.fetch_transform_load manual__2025-12-22T11:18:28.585390+00:00 [queued]>
[2025-12-22T11:18:32.012+0000] {taskinstance.py:1956} INFO - Dependencies all met for dep_context=requeueable deps ti=<TaskInstance: binance_klines_pipeline.fetch_transform_load manual__2025-12-22T11:18:28.585390+00:00 [queued]>
[2025-12-22T11:18:32.016+0000] {taskinstance.py:2170} INFO - Starting attempt 1 of 3
[2025-12-22T11:18:32.070+0000] {taskinstance.py:2191} INFO - Executing <Task(PythonOperator): fetch_transform_load> on 2025-12-22 11:18:28.585390+00:00
[2025-12-22T11:18:32.082+0000] {standard_task_runner.py:60} INFO - Started process 2233 to run task
[2025-12-22T11:18:32.090+0000] {standard_task_runner.py:87} INFO - Running: ['airflow', 'tasks', 'run', 'binance_klines_pipeline', 'fetch_transform_load', 'manual__2025-12-22T11:18:28.585390+00:00', '--job-id', '97', '--raw', '--subdir', 'DAGS_FOLDER/dag.py', '--cfg-path', '/tmp/tmplyu8n_r1']
[2025-12-22T11:18:32.096+0000] {standard_task_runner.py:88} INFO - Job 97: Subtask fetch_transform_load
[2025-12-22T11:18:32.654+0000] {logging_mixin.py:188} INFO - Changing /opt/airflow/logs/dag_id=binance_klines_pipeline/run_id=manual__2025-12-22T11:18:28.585390+00:00/task_id=fetch_transform_load permission to 509
[2025-12-22T11:18:32.689+0000] {task_command.py:423} INFO - Running <TaskInstance: binance_klines_pipeline.fetch_transform_load manual__2025-12-22T11:18:28.585390+00:00 [running]> on host f49efe9a7b4d
[2025-12-22T11:18:34.174+0000] {taskinstance.py:2480} INFO - Exporting env vars: AIRFLOW_CTX_DAG_OWNER='airflow' AIRFLOW_CTX_DAG_ID='binance_klines_pipeline' AIRFLOW_CTX_TASK_ID='fetch_transform_load' AIRFLOW_CTX_EXECUTION_DATE='2025-12-22T11:18:28.585390+00:00' AIRFLOW_CTX_TRY_NUMBER='1' AIRFLOW_CTX_DAG_RUN_ID='manual__2025-12-22T11:18:28.585390+00:00'
[2025-12-22T11:18:34.177+0000] {logging_mixin.py:188} INFO - Processing execution_date: 2025-12-22
[2025-12-22T11:18:34.325+0000] {logging_mixin.py:188} INFO - Database connection successful.
[2025-12-22T11:18:35.186+0000] {logging_mixin.py:188} INFO - Data validation passed.
[2025-12-22T11:18:35.260+0000] {logging_mixin.py:188} INFO - Loaded 12 rows into binance_klines
[2025-12-22T11:18:35.262+0000] {python.py:201} INFO - Done. Returned value was: None
[2025-12-22T11:18:35.399+0000] {taskinstance.py:1138} INFO - Marking task as SUCCESS. dag_id=binance_klines_pipeline, task_id=fetch_transform_load, execution_date=20251222T111828, start_date=20251222T111831, end_date=20251222T111835
[2025-12-22T11:18:35.512+0000] {local_task_job_runner.py:234} INFO - Task exited with return code 0
[2025-12-22T11:18:35.687+0000] {taskinstance.py:3280} INFO - 0 downstream tasks scheduled from follow-on schedule check
